00:00:08.324769 VirtualBox VM 7.0.12 r159484 win.amd64 (Oct 12 2023 19:53:29) release log
00:00:08.324771 Log opened 2024-01-13T05:49:12.634465200Z
00:00:08.324772 Build Type: release
00:00:08.324778 OS Product: Windows 11
00:00:08.324778 OS Release: 10.0.22621
00:00:08.324779 OS Service Pack: 
00:00:08.494885 DMI Product Name: Victus by HP Gaming Laptop 15-fa0xxx
00:00:08.499427 DMI Product Version:  
00:00:08.499450 Firmware type: UEFI
00:00:08.500299 Secure Boot: VERR_PRIVILEGE_NOT_HELD
00:00:08.500331 Host RAM: 16051MB (15.6GB) total, 10757MB (10.5GB) available
00:00:08.500336 Executable: C:\Program Files\Oracle\VirtualBox\VirtualBoxVM.exe
00:00:08.500337 Process ID: 16864
00:00:08.500338 Package type: WINDOWS_64BITS_GENERIC
00:00:08.501866 Installed Extension Packs:
00:00:08.501877   Oracle VM VirtualBox Extension Pack (Version: 7.0.12 r159484; VRDE Module: VBoxVRDP; Crypto Module: VBoxPuelCrypto)
00:00:08.502320 Console: Machine state changed to 'Starting'
00:00:08.506350 Qt version: 5.15.2
00:00:08.514594 GUI: UIMediumEnumerator: Medium-enumeration finished!
00:00:08.608286 SUP: Opened VMMR0.r0 (C:\Program Files\Oracle\VirtualBox/VMMR0.r0) at 0xXXXXXXXXXXXXXXXX loaded by the native ring-0 loader.
00:00:08.608321 SUP: windbg> .reload /f C:\Program Files\Oracle\VirtualBox/VMMR0.r0=0xXXXXXXXXXXXXXXXX
00:00:08.616070 Guest OS type: 'Ubuntu_64'
00:00:08.616868 fHMForced=true - No raw-mode support in this build!
00:00:08.620580 File system of 'C:\Program Files\Oracle\VirtualBox/VBoxGuestAdditions.iso' (DVD) is ntfs
00:00:08.623317 File system of 'C:\Users\Tom\Documents\GitHub\TCM-Security---Detection-Engineering-for-Beginners\virtual-machines\Zeek\Snapshots' (snapshots) is ntfs
00:00:08.623332 File system of 'C:\Users\Tom\Documents\GitHub\TCM-Security---Detection-Engineering-for-Beginners\virtual-machines\Zeek\Snapshots\{7a5f04e5-b2f4-40bf-863f-a1b3019cb6c2}.vdi' is ntfs
00:00:08.790691 Audio: Detected default audio driver type is 'HostAudioWas'
00:00:08.805935 Shared Clipboard: Service loaded
00:00:08.805963 Shared Clipboard: Mode: Off
00:00:08.806056 Shared Clipboard: Service running in normal mode
00:00:08.818876 Drag and drop service loaded
00:00:08.818893 Drag and drop mode: Off
00:00:08.862877 ************************* CFGM dump *************************
00:00:08.862884 [/] (level 0)
00:00:08.862887   CpuExecutionCap   <integer> = 0x0000000000000064 (100)
00:00:08.862891   EnablePAE         <integer> = 0x0000000000000001 (1)
00:00:08.862893   HMEnabled         <integer> = 0x0000000000000001 (1)
00:00:08.862894   MemBalloonSize    <integer> = 0x0000000000000000 (0, 0 B)
00:00:08.862897   Name              <string>  = "Zeek" (cb=5)
00:00:08.862898   NumCPUs           <integer> = 0x0000000000000002 (2)
00:00:08.862900   PageFusionAllowed <integer> = 0x0000000000000000 (0)
00:00:08.862901   RamHoleSize       <integer> = 0x0000000020000000 (536 870 912, 512.0 MiB)
00:00:08.862903   RamSize           <integer> = 0x0000000100000000 (4 294 967 296, 4.0 GiB)
00:00:08.862906   TimerMillies      <integer> = 0x000000000000000a (10)
00:00:08.862907   UUID              <bytes>   = "45 5b b1 dd 14 58 c8 40 8b 4f 69 1a 59 84 3b 2e" (cb=16)
00:00:08.862914 
00:00:08.862914 [/CPUM/] (level 1)
00:00:08.862916   Enable64bit        <integer> = 0x0000000000000001 (1)
00:00:08.862917   GuestCpuName       <string>  = "host" (cb=5)
00:00:08.862918   NestedHWVirt       <integer> = 0x0000000000000000 (0)
00:00:08.862919   PortableCpuIdLevel <integer> = 0x0000000000000000 (0)
00:00:08.862920   SpecCtrl           <integer> = 0x0000000000000000 (0)
00:00:08.862921 
00:00:08.862921 [/CPUM/IsaExts/] (level 2)
00:00:08.862923 
00:00:08.862923 [/DBGC/] (level 1)
00:00:08.862924   GlobalInitScript <string>  = "C:\Users\Tom\.VirtualBox/dbgc-init" (cb=35)
00:00:08.862926   HistoryFile      <string>  = "C:\Users\Tom\.VirtualBox/dbgc-history" (cb=38)
00:00:08.862926   LocalInitScript  <string>  = "C:\Users\Tom\Documents\GitHub\TCM-Security---Detection-Engineering-for-Beginners\virtual-machines\Zeek/dbgc-init" (cb=113)
00:00:08.862928 
00:00:08.862928 [/DBGF/] (level 1)
00:00:08.862929   Path <string>  = "C:\Users\Tom\Documents\GitHub\TCM-Security---Detection-Engineering-for-Beginners\virtual-machines\Zeek/debug/;C:\Users\Tom\Documents\GitHub\TCM-Security---Detection-Engineering-for-Beginners\virtual-machines\Zeek/;cache*C:\Users\Tom\Documents\GitHub\TCM-Security---Detection-Engineering-for-Beginners\virtual-machines\Zeek/dbgcache/;C:\Users\Tom\" (cb=347)
00:00:08.862931 
00:00:08.862931 [/Devices/] (level 1)
00:00:08.863033 
00:00:08.863034 [/Devices/3c501/] (level 2)
00:00:08.863036 
00:00:08.863036 [/Devices/8237A/] (level 2)
00:00:08.863037 
00:00:08.863037 [/Devices/8237A/0/] (level 3)
00:00:08.863039   Trusted <integer> = 0x0000000000000001 (1)
00:00:08.863040 
00:00:08.863041 [/Devices/GIMDev/] (level 2)
00:00:08.863042 
00:00:08.863042 [/Devices/GIMDev/0/] (level 3)
00:00:08.863044   Trusted <integer> = 0x0000000000000001 (1)
00:00:08.863044 
00:00:08.863045 [/Devices/VMMDev/] (level 2)
00:00:08.863046 
00:00:08.863046 [/Devices/VMMDev/0/] (level 3)
00:00:08.863048   PCIBusNo      <integer> = 0x0000000000000000 (0)
00:00:08.863049   PCIDeviceNo   <integer> = 0x0000000000000004 (4)
00:00:08.863050   PCIFunctionNo <integer> = 0x0000000000000000 (0)
00:00:08.863051   Trusted       <integer> = 0x0000000000000001 (1)
00:00:08.863052 
00:00:08.863052 [/Devices/VMMDev/0/Config/] (level 4)
00:00:08.863054   GuestCoreDumpDir <string>  = "C:\Users\Tom\Documents\GitHub\TCM-Security---Detection-Engineering-for-Beginners\virtual-machines\Zeek\Snapshots" (cb=113)
00:00:08.863055 
00:00:08.863055 [/Devices/VMMDev/0/LUN#0/] (level 4)
00:00:08.863057   Driver <string>  = "HGCM" (cb=5)
00:00:08.863057 
00:00:08.863058 [/Devices/VMMDev/0/LUN#0/Config/] (level 5)
00:00:08.863059 
00:00:08.863059 [/Devices/VMMDev/0/LUN#999/] (level 4)
00:00:08.863061   Driver <string>  = "MainStatus" (cb=11)
00:00:08.863062 
00:00:08.863062 [/Devices/VMMDev/0/LUN#999/Config/] (level 5)
00:00:08.863063   First                <integer> = 0x0000000000000000 (0)
00:00:08.863065   HasMediumAttachments <integer> = 0x0000000000000000 (0)
00:00:08.863066   Last                 <integer> = 0x0000000000000000 (0)
00:00:08.863067   iLedSet              <integer> = 0x0000000000000007 (7)
00:00:08.863068 
00:00:08.863068 [/Devices/acpi/] (level 2)
00:00:08.863069 
00:00:08.863070 [/Devices/acpi/0/] (level 3)
00:00:08.863071   PCIBusNo      <integer> = 0x0000000000000000 (0)
00:00:08.863072   PCIDeviceNo   <integer> = 0x0000000000000007 (7)
00:00:08.863073   PCIFunctionNo <integer> = 0x0000000000000000 (0)
00:00:08.863074   Trusted       <integer> = 0x0000000000000001 (1)
00:00:08.863074 
00:00:08.863075 [/Devices/acpi/0/Config/] (level 4)
00:00:08.863077   CpuHotPlug          <integer> = 0x0000000000000000 (0)
00:00:08.863078   FdcEnabled          <integer> = 0x0000000000000000 (0)
00:00:08.863079   HostBusPciAddress   <integer> = 0x0000000000000000 (0)
00:00:08.863080   HpetEnabled         <integer> = 0x0000000000000000 (0)
00:00:08.863081   IOAPIC              <integer> = 0x0000000000000001 (1)
00:00:08.863082   IocPciAddress       <integer> = 0x0000000000010000 (65 536)
00:00:08.863083   NumCPUs             <integer> = 0x0000000000000002 (2)
00:00:08.863084   Parallel0IoPortBase <integer> = 0x0000000000000000 (0)
00:00:08.863085   Parallel0Irq        <integer> = 0x0000000000000000 (0)
00:00:08.863086   Parallel1IoPortBase <integer> = 0x0000000000000000 (0)
00:00:08.863087   Parallel1Irq        <integer> = 0x0000000000000000 (0)
00:00:08.863088   Serial0IoPortBase   <integer> = 0x0000000000000000 (0)
00:00:08.863088   Serial0Irq          <integer> = 0x0000000000000000 (0)
00:00:08.863089   Serial1IoPortBase   <integer> = 0x0000000000000000 (0)
00:00:08.863090   Serial1Irq          <integer> = 0x0000000000000000 (0)
00:00:08.863091   ShowCpu             <integer> = 0x0000000000000001 (1)
00:00:08.863092   ShowRtc             <integer> = 0x0000000000000000 (0)
00:00:08.863093   SmcEnabled          <integer> = 0x0000000000000000 (0)
00:00:08.863094 
00:00:08.863094 [/Devices/acpi/0/LUN#0/] (level 4)
00:00:08.863095   Driver <string>  = "ACPIHost" (cb=9)
00:00:08.863096 
00:00:08.863097 [/Devices/acpi/0/LUN#0/Config/] (level 5)
00:00:08.863098 
00:00:08.863098 [/Devices/acpi/0/LUN#1/] (level 4)
00:00:08.863099   Driver <string>  = "ACPICpu" (cb=8)
00:00:08.863100 
00:00:08.863100 [/Devices/acpi/0/LUN#1/Config/] (level 5)
00:00:08.863102 
00:00:08.863102 [/Devices/ahci/] (level 2)
00:00:08.863103 
00:00:08.863103 [/Devices/ahci/0/] (level 3)
00:00:08.863105   PCIBusNo      <integer> = 0x0000000000000000 (0)
00:00:08.863106   PCIDeviceNo   <integer> = 0x000000000000000d (13)
00:00:08.863107   PCIFunctionNo <integer> = 0x0000000000000000 (0)
00:00:08.863108   Trusted       <integer> = 0x0000000000000001 (1)
00:00:08.863108 
00:00:08.863109 [/Devices/ahci/0/Config/] (level 4)
00:00:08.863110   Bootable  <integer> = 0x0000000000000001 (1)
00:00:08.863111   PortCount <integer> = 0x0000000000000001 (1)
00:00:08.863112 
00:00:08.863112 [/Devices/ahci/0/Config/Port0/] (level 5)
00:00:08.863114   Hotpluggable <integer> = 0x0000000000000000 (0)
00:00:08.863115 
00:00:08.863115 [/Devices/ahci/0/LUN#0/] (level 4)
00:00:08.863116   Driver <string>  = "VD" (cb=3)
00:00:08.863117 
00:00:08.863117 [/Devices/ahci/0/LUN#0/Config/] (level 5)
00:00:08.863119   BlockCache <integer> = 0x0000000000000001 (1)
00:00:08.863120   Format     <string>  = "VDI" (cb=4)
00:00:08.863121   Mountable  <integer> = 0x0000000000000000 (0)
00:00:08.863122   Path       <string>  = "C:\Users\Tom\Documents\GitHub\TCM-Security---Detection-Engineering-for-Beginners\virtual-machines\Zeek\Snapshots\{7a5f04e5-b2f4-40bf-863f-a1b3019cb6c2}.vdi" (cb=156)
00:00:08.863123   Type       <string>  = "HardDisk" (cb=9)
00:00:08.863124   UseNewIo   <integer> = 0x0000000000000001 (1)
00:00:08.863125 
00:00:08.863125 [/Devices/ahci/0/LUN#0/Config/Parent/] (level 6)
00:00:08.863127   Format <string>  = "VDI" (cb=4)
00:00:08.863127   Path   <string>  = "C:\Users\Tom\Documents\GitHub\TCM-Security---Detection-Engineering-for-Beginners\virtual-machines\Zeek\Zeek.vdi" (cb=112)
00:00:08.863129 
00:00:08.863129 [/Devices/ahci/0/LUN#0/Config/Parent/VDConfig/] (level 7)
00:00:08.863131   AllocationBlockSize <string>  = "1048576" (cb=8)
00:00:08.863132 
00:00:08.863132 [/Devices/ahci/0/LUN#0/Config/Plugins/] (level 6)
00:00:08.863134 
00:00:08.863134 [/Devices/ahci/0/LUN#0/Config/Plugins/VDPluginCrypt/] (level 7)
00:00:08.863136   Path <string>  = "C:\Program Files\Oracle\VirtualBox\ExtensionPacks\Oracle_VM_VirtualBox_Extension_Pack\win.amd64\VDPluginCrypt.DLL" (cb=114)
00:00:08.863137 
00:00:08.863137 [/Devices/ahci/0/LUN#0/Config/VDConfig/] (level 6)
00:00:08.863139   AllocationBlockSize <string>  = "1048576" (cb=8)
00:00:08.863139 
00:00:08.863140 [/Devices/ahci/0/LUN#999/] (level 4)
00:00:08.863141   Driver <string>  = "MainStatus" (cb=11)
00:00:08.863142 
00:00:08.863142 [/Devices/ahci/0/LUN#999/Config/] (level 5)
00:00:08.863144   DeviceInstance       <string>  = "ahci/0" (cb=7)
00:00:08.863145   First                <integer> = 0x0000000000000000 (0)
00:00:08.863146   HasMediumAttachments <integer> = 0x0000000000000001 (1)
00:00:08.863147   Last                 <integer> = 0x0000000000000000 (0)
00:00:08.863148   iLedSet              <integer> = 0x0000000000000004 (4)
00:00:08.863149 
00:00:08.863149 [/Devices/apic/] (level 2)
00:00:08.863150 
00:00:08.863151 [/Devices/apic/0/] (level 3)
00:00:08.863152   Trusted <integer> = 0x0000000000000001 (1)
00:00:08.863153 
00:00:08.863153 [/Devices/apic/0/Config/] (level 4)
00:00:08.863154   IOAPIC  <integer> = 0x0000000000000001 (1)
00:00:08.863155   Mode    <integer> = 0x0000000000000003 (3)
00:00:08.863156   NumCPUs <integer> = 0x0000000000000002 (2)
00:00:08.863157 
00:00:08.863157 [/Devices/dp8390/] (level 2)
00:00:08.863158 
00:00:08.863159 [/Devices/e1000/] (level 2)
00:00:08.863160 
00:00:08.863160 [/Devices/e1000/0/] (level 3)
00:00:08.863161   PCIBusNo      <integer> = 0x0000000000000000 (0)
00:00:08.863162   PCIDeviceNo   <integer> = 0x0000000000000003 (3)
00:00:08.863163   PCIFunctionNo <integer> = 0x0000000000000000 (0)
00:00:08.863164   Trusted       <integer> = 0x0000000000000001 (1)
00:00:08.863165 
00:00:08.863165 [/Devices/e1000/0/Config/] (level 4)
00:00:08.863166   AdapterType    <integer> = 0x0000000000000000 (0)
00:00:08.863167   CableConnected <integer> = 0x0000000000000001 (1)
00:00:08.863168   LineSpeed      <integer> = 0x0000000000000000 (0)
00:00:08.863169   MAC            <bytes>   = "08 00 27 b0 22 80" (cb=6)
00:00:08.863171 
00:00:08.863172 [/Devices/e1000/0/LUN#0/] (level 4)
00:00:08.863173   Driver <string>  = "NAT" (cb=4)
00:00:08.863174 
00:00:08.863174 [/Devices/e1000/0/LUN#0/Config/] (level 5)
00:00:08.863176   AliasMode          <integer> = 0x0000000000000000 (0)
00:00:08.863177   BootFile           <string>  = "Zeek.pxe" (cb=9)
00:00:08.863178   DNSProxy           <integer> = 0x0000000000000000 (0)
00:00:08.863179   LocalhostReachable <integer> = 0x0000000000000000 (0)
00:00:08.863179   Network            <string>  = "10.0.2.0/24" (cb=12)
00:00:08.863180   PassDomain         <integer> = 0x0000000000000001 (1)
00:00:08.863181   TFTPPrefix         <string>  = "C:\Users\Tom\.VirtualBox\TFTP" (cb=30)
00:00:08.863183   UseHostResolver    <integer> = 0x0000000000000000 (0)
00:00:08.863184 
00:00:08.863184 [/Devices/e1000/0/LUN#999/] (level 4)
00:00:08.863185   Driver <string>  = "MainStatus" (cb=11)
00:00:08.863186 
00:00:08.863186 [/Devices/e1000/0/LUN#999/Config/] (level 5)
00:00:08.863188   First                <integer> = 0x0000000000000000 (0)
00:00:08.863189   HasMediumAttachments <integer> = 0x0000000000000000 (0)
00:00:08.863189   Last                 <integer> = 0x0000000000000000 (0)
00:00:08.863191   iLedSet              <integer> = 0x0000000000000005 (5)
00:00:08.863192 
00:00:08.863192 [/Devices/e1000/1/] (level 3)
00:00:08.863193   PCIBusNo      <integer> = 0x0000000000000000 (0)
00:00:08.863194   PCIDeviceNo   <integer> = 0x0000000000000008 (8)
00:00:08.863195   PCIFunctionNo <integer> = 0x0000000000000000 (0)
00:00:08.863195   Trusted       <integer> = 0x0000000000000001 (1)
00:00:08.863196 
00:00:08.863197 [/Devices/e1000/1/Config/] (level 4)
00:00:08.863198   AdapterType    <integer> = 0x0000000000000000 (0)
00:00:08.863199   CableConnected <integer> = 0x0000000000000001 (1)
00:00:08.863199   LineSpeed      <integer> = 0x0000000000000000 (0)
00:00:08.863200   MAC            <bytes>   = "08 00 27 45 d0 b5" (cb=6)
00:00:08.863202 
00:00:08.863202 [/Devices/e1000/1/LUN#0/] (level 4)
00:00:08.863203   Driver <string>  = "IntNet" (cb=7)
00:00:08.863204 
00:00:08.863204 [/Devices/e1000/1/LUN#0/Config/] (level 5)
00:00:08.863206   IfPolicyPromisc      <string>  = "allow-all" (cb=10)
00:00:08.863207   IgnoreConnectFailure <integer> = 0x0000000000000000 (0)
00:00:08.863208   Network              <string>  = "HostInterfaceNetworking-VirtualBox Host-Only Ethernet Adapter" (cb=62)
00:00:08.863209   Trunk                <string>  = "VirtualBox Host-Only Ethernet Adapter" (cb=38)
00:00:08.863210   TrunkType            <integer> = 0x0000000000000004 (4)
00:00:08.863211 
00:00:08.863212 [/Devices/e1000/1/LUN#999/] (level 4)
00:00:08.863213   Driver <string>  = "MainStatus" (cb=11)
00:00:08.863213 
00:00:08.863214 [/Devices/e1000/1/LUN#999/Config/] (level 5)
00:00:08.863215   First                <integer> = 0x0000000000000000 (0)
00:00:08.863216   HasMediumAttachments <integer> = 0x0000000000000000 (0)
00:00:08.863217   Last                 <integer> = 0x0000000000000000 (0)
00:00:08.863218   iLedSet              <integer> = 0x0000000000000006 (6)
00:00:08.863219 
00:00:08.863219 [/Devices/i8254/] (level 2)
00:00:08.863220 
00:00:08.863221 [/Devices/i8254/0/] (level 3)
00:00:08.863222 
00:00:08.863222 [/Devices/i8254/0/Config/] (level 4)
00:00:08.863223 
00:00:08.863224 [/Devices/i8259/] (level 2)
00:00:08.863225 
00:00:08.863225 [/Devices/i8259/0/] (level 3)
00:00:08.863226   Trusted <integer> = 0x0000000000000001 (1)
00:00:08.863227 
00:00:08.863227 [/Devices/i8259/0/Config/] (level 4)
00:00:08.863229 
00:00:08.863229 [/Devices/ichac97/] (level 2)
00:00:08.863230 
00:00:08.863230 [/Devices/ichac97/0/] (level 3)
00:00:08.863231   PCIBusNo      <integer> = 0x0000000000000000 (0)
00:00:08.863232   PCIDeviceNo   <integer> = 0x0000000000000005 (5)
00:00:08.863233   PCIFunctionNo <integer> = 0x0000000000000000 (0)
00:00:08.863234   Trusted       <integer> = 0x0000000000000001 (1)
00:00:08.863235 
00:00:08.863235 [/Devices/ichac97/0/AudioConfig/] (level 4)
00:00:08.863237 
00:00:08.863237 [/Devices/ichac97/0/Config/] (level 4)
00:00:08.863238   Codec        <string>  = "AD1980" (cb=7)
00:00:08.863239   DebugEnabled <integer> = 0x0000000000000000 (0)
00:00:08.863240 
00:00:08.863240 [/Devices/ichac97/0/LUN#0/] (level 4)
00:00:08.863242   Driver <string>  = "AUDIO" (cb=6)
00:00:08.863242 
00:00:08.863242 [/Devices/ichac97/0/LUN#0/AttachedDriver/] (level 5)
00:00:08.863244   Driver <string>  = "HostAudioWas" (cb=13)
00:00:08.863245 
00:00:08.863245 [/Devices/ichac97/0/LUN#0/AttachedDriver/Config/] (level 6)
00:00:08.863247   VmName <string>  = "Zeek" (cb=5)
00:00:08.863247   VmUuid <string>  = "ddb15b45-5814-40c8-8b4f-691a59843b2e" (cb=37)
00:00:08.863248 
00:00:08.863249 [/Devices/ichac97/0/LUN#0/Config/] (level 5)
00:00:08.863250   DriverName    <string>  = "HostAudioWas" (cb=13)
00:00:08.863251   InputEnabled  <integer> = 0x0000000000000000 (0)
00:00:08.863252   OutputEnabled <integer> = 0x0000000000000001 (1)
00:00:08.863252 
00:00:08.863253 [/Devices/ichac97/0/LUN#1/] (level 4)
00:00:08.863254   Driver <string>  = "AUDIO" (cb=6)
00:00:08.863255 
00:00:08.863255 [/Devices/ichac97/0/LUN#2/] (level 4)
00:00:08.863256   Driver <string>  = "AUDIO" (cb=6)
00:00:08.863257 
00:00:08.863257 [/Devices/ioapic/] (level 2)
00:00:08.863258 
00:00:08.863258 [/Devices/ioapic/0/] (level 3)
00:00:08.863259   Trusted <integer> = 0x0000000000000001 (1)
00:00:08.863260 
00:00:08.863260 [/Devices/ioapic/0/Config/] (level 4)
00:00:08.863262   NumCPUs <integer> = 0x0000000000000002 (2)
00:00:08.863263 
00:00:08.863263 [/Devices/mc146818/] (level 2)
00:00:08.863264 
00:00:08.863264 [/Devices/mc146818/0/] (level 3)
00:00:08.863265 
00:00:08.863266 [/Devices/mc146818/0/Config/] (level 4)
00:00:08.863267   UseUTC <integer> = 0x0000000000000001 (1)
00:00:08.863268 
00:00:08.863268 [/Devices/parallel/] (level 2)
00:00:08.863269 
00:00:08.863269 [/Devices/pcarch/] (level 2)
00:00:08.863270 
00:00:08.863270 [/Devices/pcarch/0/] (level 3)
00:00:08.863272   Trusted <integer> = 0x0000000000000001 (1)
00:00:08.863272 
00:00:08.863273 [/Devices/pcarch/0/Config/] (level 4)
00:00:08.863274 
00:00:08.863274 [/Devices/pcbios/] (level 2)
00:00:08.863275 
00:00:08.863275 [/Devices/pcbios/0/] (level 3)
00:00:08.863277   Trusted <integer> = 0x0000000000000001 (1)
00:00:08.863277 
00:00:08.863278 [/Devices/pcbios/0/Config/] (level 4)
00:00:08.863280   APIC               <integer> = 0x0000000000000001 (1)
00:00:08.863281   BootDevice0        <string>  = "IDE" (cb=4)
00:00:08.863282   BootDevice1        <string>  = "DVD" (cb=4)
00:00:08.863283   BootDevice2        <string>  = "FLOPPY" (cb=7)
00:00:08.863284   BootDevice3        <string>  = "NONE" (cb=5)
00:00:08.863285   FloppyDevice       <string>  = "i82078" (cb=7)
00:00:08.863286   HardDiskDevice     <string>  = "piix3ide" (cb=9)
00:00:08.863287   IOAPIC             <integer> = 0x0000000000000001 (1)
00:00:08.863288   LanBootRom         <string>  = "C:\Program Files\Oracle\VirtualBox\ExtensionPacks\Oracle_VM_VirtualBox_Extension_Pack\PXE-Intel.rom" (cb=100)
00:00:08.863289   McfgBase           <integer> = 0x0000000000000000 (0)
00:00:08.863290   McfgLength         <integer> = 0x0000000000000000 (0)
00:00:08.863291   NumCPUs            <integer> = 0x0000000000000002 (2)
00:00:08.863292   PXEDebug           <integer> = 0x0000000000000000 (0)
00:00:08.863293   SataHardDiskDevice <string>  = "ahci" (cb=5)
00:00:08.863293   SataLUN1           <integer> = 0x0000000000000000 (0)
00:00:08.863294   UUID               <bytes>   = "45 5b b1 dd 14 58 c8 40 8b 4f 69 1a 59 84 3b 2e" (cb=16)
00:00:08.863297   UuidLe             <integer> = 0x0000000000000001 (1)
00:00:08.863298 
00:00:08.863298 [/Devices/pcbios/0/Config/NetBoot/] (level 5)
00:00:08.863300 
00:00:08.863300 [/Devices/pcbios/0/Config/NetBoot/0/] (level 6)
00:00:08.863302   NIC           <integer> = 0x0000000000000000 (0)
00:00:08.863303   PCIBusNo      <integer> = 0x0000000000000000 (0)
00:00:08.863304   PCIDeviceNo   <integer> = 0x0000000000000003 (3)
00:00:08.863305   PCIFunctionNo <integer> = 0x0000000000000000 (0)
00:00:08.863306 
00:00:08.863306 [/Devices/pci/] (level 2)
00:00:08.863307 
00:00:08.863307 [/Devices/pci/0/] (level 3)
00:00:08.863308   Trusted <integer> = 0x0000000000000001 (1)
00:00:08.863309 
00:00:08.863309 [/Devices/pci/0/Config/] (level 4)
00:00:08.863311   IOAPIC <integer> = 0x0000000000000001 (1)
00:00:08.863311 
00:00:08.863312 [/Devices/pcibridge/] (level 2)
00:00:08.863313 
00:00:08.863313 [/Devices/pckbd/] (level 2)
00:00:08.863314 
00:00:08.863314 [/Devices/pckbd/0/] (level 3)
00:00:08.863316   Trusted <integer> = 0x0000000000000001 (1)
00:00:08.863316 
00:00:08.863317 [/Devices/pckbd/0/Config/] (level 4)
00:00:08.863318 
00:00:08.863318 [/Devices/pckbd/0/LUN#0/] (level 4)
00:00:08.863320   Driver <string>  = "KeyboardQueue" (cb=14)
00:00:08.863320 
00:00:08.863321 [/Devices/pckbd/0/LUN#0/AttachedDriver/] (level 5)
00:00:08.863322   Driver <string>  = "MainKeyboard" (cb=13)
00:00:08.863323 
00:00:08.863323 [/Devices/pckbd/0/LUN#0/Config/] (level 5)
00:00:08.863325   QueueSize <integer> = 0x0000000000000040 (64, 64 B)
00:00:08.863326 
00:00:08.863327 [/Devices/pckbd/0/LUN#1/] (level 4)
00:00:08.863328   Driver <string>  = "MouseQueue" (cb=11)
00:00:08.863328 
00:00:08.863329 [/Devices/pckbd/0/LUN#1/AttachedDriver/] (level 5)
00:00:08.863330   Driver <string>  = "MainMouse" (cb=10)
00:00:08.863331 
00:00:08.863331 [/Devices/pckbd/0/LUN#1/Config/] (level 5)
00:00:08.863333   QueueSize <integer> = 0x0000000000000080 (128, 128 B)
00:00:08.863334 
00:00:08.863334 [/Devices/pcnet/] (level 2)
00:00:08.863335 
00:00:08.863335 [/Devices/piix3ide/] (level 2)
00:00:08.863337 
00:00:08.863337 [/Devices/piix3ide/0/] (level 3)
00:00:08.863338   PCIBusNo      <integer> = 0x0000000000000000 (0)
00:00:08.863339   PCIDeviceNo   <integer> = 0x0000000000000001 (1)
00:00:08.863340   PCIFunctionNo <integer> = 0x0000000000000001 (1)
00:00:08.863341   Trusted       <integer> = 0x0000000000000001 (1)
00:00:08.863342 
00:00:08.863342 [/Devices/piix3ide/0/Config/] (level 4)
00:00:08.863343   Type <string>  = "PIIX4" (cb=6)
00:00:08.863344 
00:00:08.863344 [/Devices/piix3ide/0/LUN#2/] (level 4)
00:00:08.863346   Driver <string>  = "VD" (cb=3)
00:00:08.863346 
00:00:08.863347 [/Devices/piix3ide/0/LUN#2/Config/] (level 5)
00:00:08.863348   Format    <string>  = "RAW" (cb=4)
00:00:08.863349   Mountable <integer> = 0x0000000000000001 (1)
00:00:08.863350   Path      <string>  = "C:\Program Files\Oracle\VirtualBox/VBoxGuestAdditions.iso" (cb=58)
00:00:08.863351   ReadOnly  <integer> = 0x0000000000000001 (1)
00:00:08.863351   Type      <string>  = "DVD" (cb=4)
00:00:08.863352 
00:00:08.863352 [/Devices/piix3ide/0/LUN#2/Config/Plugins/] (level 6)
00:00:08.863354 
00:00:08.863354 [/Devices/piix3ide/0/LUN#2/Config/Plugins/VDPluginCrypt/] (level 7)
00:00:08.863356   Path <string>  = "C:\Program Files\Oracle\VirtualBox\ExtensionPacks\Oracle_VM_VirtualBox_Extension_Pack\win.amd64\VDPluginCrypt.DLL" (cb=114)
00:00:08.863357 
00:00:08.863357 [/Devices/piix3ide/0/LUN#999/] (level 4)
00:00:08.863359   Driver <string>  = "MainStatus" (cb=11)
00:00:08.863359 
00:00:08.863360 [/Devices/piix3ide/0/LUN#999/Config/] (level 5)
00:00:08.863361   DeviceInstance       <string>  = "piix3ide/0" (cb=11)
00:00:08.863362   First                <integer> = 0x0000000000000000 (0)
00:00:08.863363   HasMediumAttachments <integer> = 0x0000000000000001 (1)
00:00:08.863364   Last                 <integer> = 0x0000000000000003 (3)
00:00:08.863365   iLedSet              <integer> = 0x0000000000000003 (3)
00:00:08.863366 
00:00:08.863366 [/Devices/serial/] (level 2)
00:00:08.863367 
00:00:08.863368 [/Devices/usb-ehci/] (level 2)
00:00:08.863369 
00:00:08.863369 [/Devices/usb-ehci/0/] (level 3)
00:00:08.863371   PCIBusNo      <integer> = 0x0000000000000000 (0)
00:00:08.863372   PCIDeviceNo   <integer> = 0x000000000000000b (11)
00:00:08.863373   PCIFunctionNo <integer> = 0x0000000000000000 (0)
00:00:08.863373   Trusted       <integer> = 0x0000000000000001 (1)
00:00:08.863374 
00:00:08.863375 [/Devices/usb-ehci/0/Config/] (level 4)
00:00:08.863376 
00:00:08.863376 [/Devices/usb-ehci/0/LUN#0/] (level 4)
00:00:08.863378   Driver <string>  = "VUSBRootHub" (cb=12)
00:00:08.863378 
00:00:08.863379 [/Devices/usb-ehci/0/LUN#0/Config/] (level 5)
00:00:08.863380 
00:00:08.863380 [/Devices/usb-ehci/0/LUN#999/] (level 4)
00:00:08.863382   Driver <string>  = "MainStatus" (cb=11)
00:00:08.863382 
00:00:08.863382 [/Devices/usb-ehci/0/LUN#999/Config/] (level 5)
00:00:08.863384   First                <integer> = 0x0000000000000000 (0)
00:00:08.863385   HasMediumAttachments <integer> = 0x0000000000000000 (0)
00:00:08.863386   Last                 <integer> = 0x0000000000000000 (0)
00:00:08.863387   iLedSet              <integer> = 0x0000000000000002 (2)
00:00:08.863388 
00:00:08.863388 [/Devices/usb-ohci/] (level 2)
00:00:08.863389 
00:00:08.863390 [/Devices/usb-ohci/0/] (level 3)
00:00:08.863391   PCIBusNo      <integer> = 0x0000000000000000 (0)
00:00:08.863392   PCIDeviceNo   <integer> = 0x0000000000000006 (6)
00:00:08.863393   PCIFunctionNo <integer> = 0x0000000000000000 (0)
00:00:08.863393   Trusted       <integer> = 0x0000000000000001 (1)
00:00:08.863394 
00:00:08.863394 [/Devices/usb-ohci/0/Config/] (level 4)
00:00:08.863396 
00:00:08.863396 [/Devices/usb-ohci/0/LUN#0/] (level 4)
00:00:08.863397   Driver <string>  = "VUSBRootHub" (cb=12)
00:00:08.863398 
00:00:08.863398 [/Devices/usb-ohci/0/LUN#0/Config/] (level 5)
00:00:08.863400 
00:00:08.863400 [/Devices/usb-ohci/0/LUN#999/] (level 4)
00:00:08.863401   Driver <string>  = "MainStatus" (cb=11)
00:00:08.863402 
00:00:08.863402 [/Devices/usb-ohci/0/LUN#999/Config/] (level 5)
00:00:08.863403   First                <integer> = 0x0000000000000000 (0)
00:00:08.863404   HasMediumAttachments <integer> = 0x0000000000000000 (0)
00:00:08.863405   Last                 <integer> = 0x0000000000000000 (0)
00:00:08.863406   iLedSet              <integer> = 0x0000000000000001 (1)
00:00:08.863407 
00:00:08.863408 [/Devices/vga/] (level 2)
00:00:08.863409 
00:00:08.863409 [/Devices/vga/0/] (level 3)
00:00:08.863410   PCIBusNo      <integer> = 0x0000000000000000 (0)
00:00:08.863411   PCIDeviceNo   <integer> = 0x0000000000000002 (2)
00:00:08.863412   PCIFunctionNo <integer> = 0x0000000000000000 (0)
00:00:08.863413   Trusted       <integer> = 0x0000000000000001 (1)
00:00:08.863413 
00:00:08.863414 [/Devices/vga/0/Config/] (level 4)
00:00:08.863415   3DEnabled          <integer> = 0x0000000000000000 (0)
00:00:08.863416   CustomVideoModes   <integer> = 0x0000000000000000 (0)
00:00:08.863417   FadeIn             <integer> = 0x0000000000000001 (1)
00:00:08.863418   FadeOut            <integer> = 0x0000000000000001 (1)
00:00:08.863419   HeightReduction    <integer> = 0x0000000000000000 (0)
00:00:08.863420   LogoFile           <string>  = "" (cb=1)
00:00:08.863421   LogoTime           <integer> = 0x0000000000000000 (0)
00:00:08.863422   MonitorCount       <integer> = 0x0000000000000001 (1)
00:00:08.863423   ShowBootMenu       <integer> = 0x0000000000000002 (2)
00:00:08.863424   VMSVGA3dEnabled    <integer> = 0x0000000000000000 (0)
00:00:08.863425   VMSVGAEnabled      <integer> = 0x0000000000000001 (1)
00:00:08.863426   VMSVGAPciBarLayout <integer> = 0x0000000000000001 (1)
00:00:08.863426   VMSVGAPciId        <integer> = 0x0000000000000001 (1)
00:00:08.863427   VRamSize           <integer> = 0x0000000001000000 (16 777 216, 16.0 MiB)
00:00:08.863429 
00:00:08.863430 [/Devices/vga/0/LUN#0/] (level 4)
00:00:08.863431   Driver <string>  = "MainDisplay" (cb=12)
00:00:08.863432 
00:00:08.863432 [/Devices/vga/0/LUN#0/Config/] (level 5)
00:00:08.863433 
00:00:08.863434 [/Devices/vga/0/LUN#999/] (level 4)
00:00:08.863435   Driver <string>  = "MainStatus" (cb=11)
00:00:08.863435 
00:00:08.863436 [/Devices/vga/0/LUN#999/Config/] (level 5)
00:00:08.863437   First                <integer> = 0x0000000000000000 (0)
00:00:08.863438   HasMediumAttachments <integer> = 0x0000000000000000 (0)
00:00:08.863439   Last                 <integer> = 0x0000000000000000 (0)
00:00:08.863440   iLedSet              <integer> = 0x0000000000000000 (0)
00:00:08.863441 
00:00:08.863441 [/Devices/virtio-net/] (level 2)
00:00:08.863442 
00:00:08.863443 [/EM/] (level 1)
00:00:08.863444   TripleFaultReset <integer> = 0x0000000000000000 (0)
00:00:08.863445 
00:00:08.863445 [/GCM/] (level 1)
00:00:08.863446   FixerSet <integer> = 0x0000000000000000 (0)
00:00:08.863447 
00:00:08.863447 [/GIM/] (level 1)
00:00:08.863448   Provider <string>  = "KVM" (cb=4)
00:00:08.863449 
00:00:08.863449 [/HM/] (level 1)
00:00:08.863450   64bitEnabled            <integer> = 0x0000000000000001 (1)
00:00:08.863451   EnableLargePages        <integer> = 0x0000000000000001 (1)
00:00:08.863452   EnableNestedPaging      <integer> = 0x0000000000000001 (1)
00:00:08.863453   EnableUX                <integer> = 0x0000000000000001 (1)
00:00:08.863454   EnableVPID              <integer> = 0x0000000000000001 (1)
00:00:08.863455   Exclusive               <integer> = 0x0000000000000000 (0)
00:00:08.863457   HMForced                <integer> = 0x0000000000000001 (1)
00:00:08.863458   IBPBOnVMEntry           <integer> = 0x0000000000000000 (0)
00:00:08.863459   IBPBOnVMExit            <integer> = 0x0000000000000000 (0)
00:00:08.863460   L1DFlushOnSched         <integer> = 0x0000000000000001 (1)
00:00:08.863461   L1DFlushOnVMEntry       <integer> = 0x0000000000000000 (0)
00:00:08.863462   LovelyMesaDrvWorkaround <integer> = 0x0000000000000001 (1)
00:00:08.863462   MDSClearOnSched         <integer> = 0x0000000000000001 (1)
00:00:08.863463   MDSClearOnVMEntry       <integer> = 0x0000000000000000 (0)
00:00:08.863464   SpecCtrlByHost          <integer> = 0x0000000000000000 (0)
00:00:08.863465   SvmVirtVmsaveVmload     <integer> = 0x0000000000000000 (0)
00:00:08.863466   UseNEMInstead           <integer> = 0x0000000000000000 (0)
00:00:08.863467 
00:00:08.863467 [/MM/] (level 1)
00:00:08.863468   CanUseLargerHeap <integer> = 0x0000000000000000 (0)
00:00:08.863469 
00:00:08.863470 [/NEM/] (level 1)
00:00:08.863470   Allow64BitGuests        <integer> = 0x0000000000000001 (1)
00:00:08.863471   LovelyMesaDrvWorkaround <integer> = 0x0000000000000001 (1)
00:00:08.863472 
00:00:08.863472 [/PDM/] (level 1)
00:00:08.863473 
00:00:08.863473 [/PDM/AsyncCompletion/] (level 2)
00:00:08.863475 
00:00:08.863475 [/PDM/AsyncCompletion/File/] (level 3)
00:00:08.863476 
00:00:08.863476 [/PDM/AsyncCompletion/File/BwGroups/] (level 4)
00:00:08.863478 
00:00:08.863478 [/PDM/BlkCache/] (level 2)
00:00:08.863479   CacheSize <integer> = 0x0000000000500000 (5 242 880, 5.0 MiB)
00:00:08.863481 
00:00:08.863481 [/PDM/Devices/] (level 2)
00:00:08.863482 
00:00:08.863483 [/PDM/Devices/VBoxNvme/] (level 3)
00:00:08.863484   Path         <string>  = "C:\Program Files\Oracle\VirtualBox\ExtensionPacks\Oracle_VM_VirtualBox_Extension_Pack\win.amd64\VBoxNvmeR3.DLL" (cb=111)
00:00:08.863485   R0SearchPath <string>  = "C:\Program Files\Oracle\VirtualBox\ExtensionPacks\Oracle_VM_VirtualBox_Extension_Pack\win.amd64" (cb=96)
00:00:08.863486 
00:00:08.863487 [/PDM/Drivers/] (level 2)
00:00:08.863487 
00:00:08.863488 [/PDM/Drivers/DrvHostWebcam/] (level 3)
00:00:08.863489   Path <string>  = "C:\Program Files\Oracle\VirtualBox\ExtensionPacks\Oracle_VM_VirtualBox_Extension_Pack\win.amd64\VBoxHostWebcam.DLL" (cb=115)
00:00:08.863490 
00:00:08.863490 [/PDM/Drivers/VBoxC/] (level 3)
00:00:08.863491   Path <string>  = "VBoxC" (cb=6)
00:00:08.863492 
00:00:08.863492 [/PDM/NetworkShaper/] (level 2)
00:00:08.863494 
00:00:08.863494 [/PDM/NetworkShaper/BwGroups/] (level 3)
00:00:08.863495 
00:00:08.863495 [/PDM/USB/] (level 2)
00:00:08.863496 
00:00:08.863497 [/PDM/USB/VBoxUsbCardReader/] (level 3)
00:00:08.863498   Path <string>  = "C:\Program Files\Oracle\VirtualBox\ExtensionPacks\Oracle_VM_VirtualBox_Extension_Pack\win.amd64\VBoxUsbCardReaderR3.DLL" (cb=120)
00:00:08.863499 
00:00:08.863499 [/PDM/USB/VBoxUsbWebcam/] (level 3)
00:00:08.863500   Path <string>  = "C:\Program Files\Oracle\VirtualBox\ExtensionPacks\Oracle_VM_VirtualBox_Extension_Pack\win.amd64\VBoxUsbWebcamR3.DLL" (cb=116)
00:00:08.863501 
00:00:08.863501 [/TM/] (level 1)
00:00:08.863502   UTCOffset <integer> = 0x0000000000000000 (0)
00:00:08.863503 
00:00:08.863503 [/USB/] (level 1)
00:00:08.863504 
00:00:08.863504 [/USB/HidMouse/] (level 2)
00:00:08.863505 
00:00:08.863506 [/USB/HidMouse/0/] (level 3)
00:00:08.863507 
00:00:08.863507 [/USB/HidMouse/0/Config/] (level 4)
00:00:08.863508   Mode <string>  = "absolute" (cb=9)
00:00:08.863509 
00:00:08.863509 [/USB/HidMouse/0/LUN#0/] (level 4)
00:00:08.863511   Driver <string>  = "MouseQueue" (cb=11)
00:00:08.863511 
00:00:08.863512 [/USB/HidMouse/0/LUN#0/AttachedDriver/] (level 5)
00:00:08.863513   Driver <string>  = "MainMouse" (cb=10)
00:00:08.863514 
00:00:08.863514 [/USB/HidMouse/0/LUN#0/Config/] (level 5)
00:00:08.863515   QueueSize <integer> = 0x0000000000000080 (128, 128 B)
00:00:08.863516 
00:00:08.863517 [/USB/USBProxy/] (level 2)
00:00:08.863518 
00:00:08.863518 [/USB/USBProxy/GlobalConfig/] (level 3)
00:00:08.863519 
00:00:08.863520 ********************* End of CFGM dump **********************
00:00:08.864042 HM: HMR3Init: Attempting fall back to NEM: VT-x is not available
00:00:08.904406 NEM:  info: Found optional import WinHvPlatform.dll!WHvQueryGpaRangeDirtyBitmap.
00:00:08.904430 NEM:  info: Found optional import vid.dll!VidGetHvPartitionId.
00:00:08.904438 NEM:  info: Found optional import vid.dll!VidGetPartitionProperty.
00:00:08.904578 NEM: WHvCapabilityCodeHypervisorPresent is TRUE, so this might work...
00:00:08.904594 NEM: WHvCapabilityCodeExtendedVmExits      = 0x0000000000007fff
00:00:08.904604 NEM:                       fExtendedMsrExit: 1
00:00:08.904611 NEM:                     fExtendedCpuIdExit: 1
00:00:08.904617 NEM:                      fExtendedXcptExit: 1
00:00:08.904623 NEM: Warning! Unknown VM exit definitions: 0x7fff
00:00:08.904630 NEM: Warning! Unknown feature definitions: 0x2ff
00:00:08.904637 NEM: Supported exception exit bitmap: 0xf7dfb
00:00:08.904651 NEM: WHvCapabilityCodeProcessorVendor      = 1 - Intel
00:00:08.904678 NEM: WHvCapabilityCodeProcessorFeatures    = 0x2e1b7bcfe7f7859f
00:00:08.904686 NEM:                            Sse3Support: 1
00:00:08.904692 NEM:                        LahfSahfSupport: 1
00:00:08.904698 NEM:                           Ssse3Support: 1
00:00:08.904704 NEM:                          Sse4_1Support: 1
00:00:08.904710 NEM:                          Sse4_2Support: 1
00:00:08.904716 NEM:                           Sse4aSupport: 0
00:00:08.904722 NEM:                             XopSupport: 0
00:00:08.904728 NEM:                          PopCntSupport: 1
00:00:08.904734 NEM:                      Cmpxchg16bSupport: 1
00:00:08.904740 NEM:                       Altmovcr8Support: 0
00:00:08.904746 NEM:                           LzcntSupport: 1
00:00:08.904752 NEM:                     MisAlignSseSupport: 0
00:00:08.904758 NEM:                          MmxExtSupport: 0
00:00:08.904764 NEM:                        Amd3DNowSupport: 0
00:00:08.904769 NEM:                ExtendedAmd3DNowSupport: 0
00:00:08.904775 NEM:                         Page1GbSupport: 1
00:00:08.904781 NEM:                             AesSupport: 1
00:00:08.904787 NEM:                       PclmulqdqSupport: 1
00:00:08.904793 NEM:                            PcidSupport: 1
00:00:08.904802 NEM:                            Fma4Support: 0
00:00:08.904811 NEM:                            F16CSupport: 1
00:00:08.904816 NEM:                          RdRandSupport: 1
00:00:08.904822 NEM:                        RdWrFsGsSupport: 1
00:00:08.904828 NEM:                            SmepSupport: 1
00:00:08.904834 NEM:              EnhancedFastStringSupport: 1
00:00:08.904840 NEM:                            Bmi1Support: 1
00:00:08.904846 NEM:                            Bmi2Support: 1
00:00:08.904852 NEM:                           MovbeSupport: 1
00:00:08.904858 NEM:                          Npiep1Support: 1
00:00:08.904864 NEM:                   DepX87FPUSaveSupport: 1
00:00:08.904870 NEM:                          RdSeedSupport: 1
00:00:08.904876 NEM:                             AdxSupport: 1
00:00:08.904882 NEM:                   IntelPrefetchSupport: 1
00:00:08.904888 NEM:                            SmapSupport: 1
00:00:08.904893 NEM:                             HleSupport: 0
00:00:08.904900 NEM:                             RtmSupport: 0
00:00:08.904906 NEM:                          RdtscpSupport: 1
00:00:08.904911 NEM:                      ClflushoptSupport: 1
00:00:08.904917 NEM:                            ClwbSupport: 1
00:00:08.904923 NEM:                             ShaSupport: 1
00:00:08.904929 NEM:                X87PointersSavedSupport: 0
00:00:08.904935 NEM: Warning! Unknown CPU features: 0x2e1b7bcfe7f7859f
00:00:08.904949 NEM: WHvCapabilityCodeProcessorClFlushSize = 2^8
00:00:08.904957 NEM: Warning! Unknown capability 0x4 returning: 3f 00 00 00 00 00 00 00 00 00 00 00 00 00 00 00 00 00 00 00 00 00 00 00
00:00:08.904966 NEM: Warning! Unknown capability 0x5 returning: 03 00 00 00 00 00 00 00 00 00 00 00 00 00 00 00 00 00 00 00 00 00 00 00
00:00:08.904992 NEM: Warning! Unknown capability 0x6 returning: 00 00 00 00 00 00 00 00 00 00 00 00 00 00 00 00 00 00 00 00 00 00 00 00
00:00:08.905749 NEM: Warning! Unknown capability 0x1003 returning: 1f 38 58 40 00 00 00 00 00 00 00 00 00 00 00 00 00 00 00 00 00 00 00 00
00:00:08.905772 NEM: Warning! Unknown capability 0x1004 returning: c0 9b 37 a0 00 00 00 00 00 00 00 00 00 00 00 00 00 00 00 00 00 00 00 00
00:00:08.905781 NEM: Warning! Unknown capability 0x1005 returning: 00 c2 eb 0b 00 00 00 00 00 00 00 00 00 00 00 00 00 00 00 00 00 00 00 00
00:00:08.905789 NEM: Warning! Unknown capability 0x1006 returning: 02 00 00 00 00 00 00 00 9f 85 f7 e7 cf 7b 1b 2e 43 77 17 00 00 00 00 00
00:00:08.905798 NEM: Warning! Unknown capability 0x1007 returning: 00 00 00 00 00 00 00 00 00 00 00 00 00 00 00 00 00 00 00 00 00 00 00 00
00:00:08.905816 NEM: Warning! Unknown capability 0x1008 returning: 01 00 00 00 00 00 00 00 ff 8f 44 7f 00 00 00 00 00 00 00 00 00 00 00 00
00:00:08.905832 NEM: Warning! Unknown capability 0x1009 returning: 00 00 00 00 00 00 00 00 00 00 00 00 00 00 00 00 00 00 00 00 00 00 00 00
00:00:08.907025 NEM: Created partition 0000024cce1bba20.
00:00:08.907040 NEM: Adjusting APIC configuration from X2APIC to APIC max mode.  X2APIC is not supported by the WinHvPlatform API!
00:00:08.907046 NEM: Disable Hyper-V if you need X2APIC for your guests!
00:00:08.907236 NEM:
00:00:08.907236 NEM: NEMR3Init: Snail execution mode is active!
00:00:08.907237 NEM: Note! VirtualBox is not able to run at its full potential in this execution mode.
00:00:08.907237 NEM:       To see VirtualBox run at max speed you need to disable all Windows features
00:00:08.907238 NEM:       making use of Hyper-V.  That is a moving target, so google how and carefully
00:00:08.907238 NEM:       consider the consequences of disabling these features.
00:00:08.907238 NEM:
00:00:08.907304 CPUM: No hardware-virtualization capability detected
00:00:08.907311 CPUM: fXStateHostMask=0x7; initial: 0x7; host XCR0=0x7
00:00:08.913242 CPUM: Matched host CPU INTEL 0x6/0x9a/0x3 Intel_Core7_AlderLake with CPU DB entry 'Intel Core i7-6700K' (INTEL 0x6/0x5e/0x3 Intel_Core7_Skylake)
00:00:08.913441 CPUM: MXCSR_MASK=0xffff (host: 0xffff)
00:00:08.913490 CPUM: Microcode revision 0x0000042C
00:00:08.913535 CPUM: MSR/CPUID reconciliation insert: 0x0000010b IA32_FLUSH_CMD
00:00:08.913544 CPUM: MSR/CPUID reconciliation insert: 0x0000010a IA32_ARCH_CAPABILITIES
00:00:08.913553 CPUM: MSR fudge: 0x00000001 IA32_P5_MC_TYPE
00:00:08.913559 CPUM: MSR fudge: 0x00000017 IA32_PLATFORM_ID
00:00:08.913565 CPUM: MSR fudge: 0x0000001b IA32_APIC_BASE
00:00:08.913571 CPUM: MSR fudge: 0x0000008b BIOS_SIGN
00:00:08.913600 CPUM: MSR fudge: 0x000000fe IA32_MTRRCAP
00:00:08.913606 CPUM: MSR fudge: 0x00000179 IA32_MCG_CAP
00:00:08.913611 CPUM: MSR fudge: 0x0000017a IA32_MCG_STATUS
00:00:08.913617 CPUM: MSR fudge: 0x000001a0 IA32_MISC_ENABLE
00:00:08.913622 CPUM: MSR fudge: 0x000001d9 IA32_DEBUGCTL
00:00:08.913628 CPUM: MSR fudge: 0x000001db P6_LAST_BRANCH_FROM_IP
00:00:08.913633 CPUM: MSR fudge: 0x000001dc P6_LAST_BRANCH_TO_IP
00:00:08.913639 CPUM: MSR fudge: 0x000001dd P6_LAST_INT_FROM_IP
00:00:08.913645 CPUM: MSR fudge: 0x000001de P6_LAST_INT_TO_IP
00:00:08.913650 CPUM: MSR fudge: 0x00000277 IA32_PAT
00:00:08.913656 CPUM: MSR fudge: 0x000002ff IA32_MTRR_DEF_TYPE
00:00:08.913662 CPUM: MSR fudge: 0x00000400 IA32_MCi_CTL_STATUS_ADDR_MISC
00:00:08.913669 CPUM: MSR fudge: 0xc0000103 AMD64_TSC_AUX
00:00:08.913675 CPUM: MSR fudge: 0x00000122 IA32_TSX_CTRL
00:00:08.913696 CPUM: SetGuestCpuIdFeature: Enabled SYSENTER/EXIT
00:00:08.913702 CPUM: SetGuestCpuIdFeature: Enabled SYSCALL/RET
00:00:08.913708 CPUM: SetGuestCpuIdFeature: Enabled PAE
00:00:08.913714 CPUM: SetGuestCpuIdFeature: Enabled LAHF/SAHF
00:00:08.913719 CPUM: SetGuestCpuIdFeature: Enabled NX
00:00:08.913725 CPUM: SetGuestCpuIdFeature: Enabled LONG MODE
00:00:08.917891 NEM: HvPartitionPropertyProcessorVendor=0x1 (1)
00:00:08.918424 NEM: Successfully set up partition (device handle 0000000000000cc5, partition ID 0x0)
00:00:08.918682 PGM: Host paging mode: AMD64+PGE+NX
00:00:08.918705 PGM: PGMPool: cMaxPages=2304 (u64MaxPages=2084)
00:00:08.918708 PGM: pgmR3PoolInit: cMaxPages=0x900 cMaxUsers=0x1200 cMaxPhysExts=0x1200 fCacheEnable=true
00:00:08.926559 SUPLib: MEM_LARGE_PAGES privilege not held.
00:00:09.079174 TM: GIP - u32Mode=3 (Invariant) u32UpdateHz=93 u32UpdateIntervalNS=10741500 enmUseTscDelta=2 (Practically Zero) fGetGipCpu=0x1b cCpus=16
00:00:09.079208 TM: GIP - u64CpuHz=2 687 998 844 (0xa0379b7c)  SUPGetCpuHzFromGip => 2 687 998 844
00:00:09.079221 TM: GIP - CPU: iCpuSet=0x0 idCpu=0x0 idApic=0x0 iGipCpu=0x1 i64TSCDelta=0 enmState=3 u64CpuHz=2688000433(*) cErrors=0
00:00:09.079232 TM: GIP - CPU: iCpuSet=0x1 idCpu=0x1 idApic=0x1 iGipCpu=0xf i64TSCDelta=0 enmState=3 u64CpuHz=2688000433(*) cErrors=0
00:00:09.079242 TM: GIP - CPU: iCpuSet=0x2 idCpu=0x2 idApic=0x8 iGipCpu=0xb i64TSCDelta=0 enmState=3 u64CpuHz=2687998833(*) cErrors=0
00:00:09.079251 TM: GIP - CPU: iCpuSet=0x3 idCpu=0x3 idApic=0x9 iGipCpu=0xc i64TSCDelta=0 enmState=3 u64CpuHz=2687998833(*) cErrors=0
00:00:09.079259 TM: GIP - CPU: iCpuSet=0x4 idCpu=0x4 idApic=0x10 iGipCpu=0x4 i64TSCDelta=0 enmState=3 u64CpuHz=2687998807(*) cErrors=0
00:00:09.079268 TM: GIP - CPU: iCpuSet=0x5 idCpu=0x5 idApic=0x11 iGipCpu=0x7 i64TSCDelta=0 enmState=3 u64CpuHz=2687998803(*) cErrors=0
00:00:09.079276 TM: GIP - CPU: iCpuSet=0x6 idCpu=0x6 idApic=0x18 iGipCpu=0x3 i64TSCDelta=0 enmState=3 u64CpuHz=2687998179(*) cErrors=0
00:00:09.079285 TM: GIP - CPU: iCpuSet=0x7 idCpu=0x7 idApic=0x19 iGipCpu=0x2 i64TSCDelta=0 enmState=3 u64CpuHz=2687995028(*) cErrors=0
00:00:09.079293 TM: GIP - CPU: iCpuSet=0x8 idCpu=0x8 idApic=0x20 iGipCpu=0x9 i64TSCDelta=0 enmState=3 u64CpuHz=2687998813(*) cErrors=0
00:00:09.079301 TM: GIP - CPU: iCpuSet=0x9 idCpu=0x9 idApic=0x21 iGipCpu=0xa i64TSCDelta=0 enmState=3 u64CpuHz=2687998769(*) cErrors=0
00:00:09.079309 TM: GIP - CPU: iCpuSet=0xa idCpu=0xa idApic=0x28 iGipCpu=0x5 i64TSCDelta=0 enmState=3 u64CpuHz=2687998868(*) cErrors=0
00:00:09.079317 TM: GIP - CPU: iCpuSet=0xb idCpu=0xb idApic=0x29 iGipCpu=0xd i64TSCDelta=0 enmState=3 u64CpuHz=2687998820(*) cErrors=0
00:00:09.079325 TM: GIP - CPU: iCpuSet=0xc idCpu=0xc idApic=0x38 iGipCpu=0x8 i64TSCDelta=0 enmState=3 u64CpuHz=2687998735(*) cErrors=0
00:00:09.079339 TM: GIP - CPU: iCpuSet=0xd idCpu=0xd idApic=0x3a iGipCpu=0x0 i64TSCDelta=0 enmState=3 u64CpuHz=2687998844(*) cErrors=0
00:00:09.079353 TM: GIP - CPU: iCpuSet=0xe idCpu=0xe idApic=0x3c iGipCpu=0xe i64TSCDelta=0 enmState=3 u64CpuHz=2687998844(*) cErrors=0
00:00:09.079362 TM: GIP - CPU: iCpuSet=0xf idCpu=0xf idApic=0x3e iGipCpu=0x6 i64TSCDelta=0 enmState=3 u64CpuHz=2687998777(*) cErrors=0
00:00:09.079379 TM: NEM overrides the /TM/TSCModeSwitchAllowed setting.
00:00:09.079436 TM:     cTSCTicksPerSecond=2 687 998 844 (0xa0379b7c) enmTSCMode=4 (NativeApi)
00:00:09.079439 TM: cTSCTicksPerSecondHost=2 687 998 844 (0xa0379b7c)
00:00:09.079441 TM: TSCTiedToExecution=false TSCNotTiedToHalt=false
00:00:09.080905 EMR3Init: fIemExecutesAll=false fGuruOnTripleFault=true
00:00:09.081929 IEM: TargetCpu=CURRENT, Microarch=Intel_Core7_AlderLake aidxTargetCpuEflFlavour={1,0}
00:00:09.082715 GIM: Using provider 'KVM' (Implementation version: 0)
00:00:09.082751 CPUM: SetGuestCpuIdFeature: Enabled Hypervisor Present bit
00:00:09.082823 GCM: Initialized (fixer bits: 0x0)
00:00:09.082957 AIOMgr: Default manager type is 'Async'
00:00:09.082972 AIOMgr: Default file backend is 'NonBuffered'
00:00:09.083071 BlkCache: Cache successfully initialized. Cache size is 5242880 bytes
00:00:09.083085 BlkCache: Cache commit interval is 10000 ms
00:00:09.083093 BlkCache: Cache commit threshold is 2621440 bytes
00:00:10.184796 PcBios: [SMP] BIOS with 2 CPUs
00:00:10.184888 PcBios: Using the 386+ BIOS image.
00:00:10.185171 PcBios: MPS table at 000e1300
00:00:10.186996 PcBios: Using LAN ROM 'C:\Program Files\Oracle\VirtualBox\ExtensionPacks\Oracle_VM_VirtualBox_Extension_Pack\PXE-Intel.rom' with a size of 0xc000 bytes
00:00:10.187900 PcBios: fCheckShutdownStatusForSoftReset=true  fClearShutdownStatusOnHardReset=true
00:00:10.188353 CPUM: SetGuestCpuIdFeature: Enabled xAPIC
00:00:10.190467 IOAPIC: Version=2.0 ChipType=ICH9
00:00:10.190614 PIT: mode=3 count=0x10000 (65536) - 18.20 Hz (ch=0)
00:00:10.191422 VMMDev: cbDefaultBudget: 701 322 410 (29cd54aa)
00:00:10.207046 Shared Folders service loaded
00:00:10.219232 Guest Control service loaded
00:00:10.243814 VGA: Using the 386+ BIOS image.
00:00:10.248618 VD: VDInit finished with VINF_SUCCESS
00:00:10.305981 DrvVD: Flushes will be ignored
00:00:10.305990 DrvVD: Async flushes will be passed to the disk
00:00:10.308611 AIOMgr: Endpoint for file 'C:\Users\Tom\Documents\GitHub\TCM-Security---Detection-Engineering-for-Beginners\virtual-machines\Zeek\Zeek.vdi' (flags 000c0781) created successfully
00:00:10.310523 AIOMgr: Endpoint for file 'C:\Users\Tom\Documents\GitHub\TCM-Security---Detection-Engineering-for-Beginners\virtual-machines\Zeek\Snapshots\{7a5f04e5-b2f4-40bf-863f-a1b3019cb6c2}.vdi' (flags 000c0723) created successfully
00:00:10.311393 VD: Opening the disk took 3789433 ns
00:00:10.311443 AHCI: LUN#0: disk, PCHS=16383/16/63, total number of sectors 52428800
00:00:10.311594 AHCI#0: Reset the HBA
00:00:10.311600 VD#0: Cancelling all active requests
00:00:10.312810 PIIX3 ATA: LUN#0: no unit
00:00:10.312822 PIIX3 ATA: LUN#1: no unit
00:00:10.312903 DrvVD: Flushes will be ignored
00:00:10.312910 DrvVD: Async flushes will be passed to the disk
00:00:10.313066 VD: Opening the disk took 119887 ns
00:00:10.313150 PIIX3 ATA: LUN#2: CD/DVD, total number of sectors 26098, passthrough disabled
00:00:10.313235 PIIX3 ATA: LUN#3: no unit
00:00:10.313287 PIIX3 ATA: Ctl#1: finished processing RESET
00:00:10.313335 PIIX3 ATA: Ctl#0: finished processing RESET
00:00:10.313416 E1000#0: Chip=82540EM LinkUpDelay=5000ms EthernetCRC=on GSO=enabled Itr=disabled ItrRx=enabled TID=disabled R0=disabled RC=disabled
00:00:10.319609 NAT: Guest address guess set to 10.0.2.15 by initialization
00:00:10.353999 NAT: DNS#0: 192.168.20.1
00:00:10.354032 NAT: DNS#1: 0.0.0.0
00:00:10.355028 E1000#1: Chip=82540EM LinkUpDelay=5000ms EthernetCRC=on GSO=enabled Itr=disabled ItrRx=enabled TID=disabled R0=disabled RC=disabled
00:00:10.355201 IntNet#0: szNetwork={HostInterfaceNetworking-VirtualBox Host-Only Ethernet Adapter} enmTrunkType=4 szTrunk={VirtualBox Host-Only Ethernet Adapter} fFlags=0x14000 cbRecv=325632 cbSend=196608 fIgnoreConnectFailure=false
00:00:10.356183 AC97: Using codec 'AD1980'
00:00:10.437170 Audio: Found 6 devices for driver 'WasAPI'
00:00:10.437197 Audio: Device 'Headphone (Realtek(R) Audio)':
00:00:10.437198 Audio:   ID              = {0.0.0.00000000}.{e9f5f1aa-5036-4831-812e-aac56ba84dca}
00:00:10.437200 Audio:   Usage           = output
00:00:10.437201 Audio:   Flags           = DEFAULT_OUT
00:00:10.437201 Audio:   Input channels  = 0
00:00:10.437203 Audio:   Output channels = 2
00:00:10.437212 Audio: Device 'Speaker (Realtek(R) Audio)':
00:00:10.437213 Audio:   ID              = {0.0.0.00000000}.{def26ec8-e6f5-491e-9083-9991f28ef7f7}
00:00:10.437214 Audio:   Usage           = output
00:00:10.437214 Audio:   Flags           = NONE
00:00:10.437215 Audio:   Input channels  = 0
00:00:10.437216 Audio:   Output channels = 2
00:00:10.437223 Audio: Device 'Headphone (Realtek(R) Audio)':
00:00:10.437224 Audio:   ID              = {0.0.0.00000000}.{e9f5f1aa-5036-4831-812e-aac56ba84dca}
00:00:10.437224 Audio:   Usage           = output
00:00:10.437225 Audio:   Flags           = NONE
00:00:10.437225 Audio:   Input channels  = 0
00:00:10.437226 Audio:   Output channels = 2
00:00:10.437233 Audio: Device 'Headset Microphone (Realtek(R) Audio)':
00:00:10.437234 Audio:   ID              = {0.0.1.00000000}.{e76d04af-3973-4b7f-b16d-eab86e7ba561}
00:00:10.437235 Audio:   Usage           = input
00:00:10.437236 Audio:   Flags           = DEFAULT_IN
00:00:10.437236 Audio:   Input channels  = 2
00:00:10.437237 Audio:   Output channels = 0
00:00:10.437244 Audio: Device 'Microphone Array (Intel Smart Sound Technology for Digital Microphones)':
00:00:10.437245 Audio:   ID              = {0.0.1.00000000}.{7057a793-8ecd-44c5-b477-8e8c06573d48}
00:00:10.437245 Audio:   Usage           = input
00:00:10.437246 Audio:   Flags           = NONE
00:00:10.437246 Audio:   Input channels  = 2
00:00:10.437247 Audio:   Output channels = 0
00:00:10.437254 Audio: Device 'Headset Microphone (Realtek(R) Audio)':
00:00:10.437255 Audio:   ID              = {0.0.1.00000000}.{e76d04af-3973-4b7f-b16d-eab86e7ba561}
00:00:10.437255 Audio:   Usage           = input
00:00:10.437256 Audio:   Flags           = NONE
00:00:10.437256 Audio:   Input channels  = 2
00:00:10.437257 Audio:   Output channels = 0
00:00:10.437583 AC97: Reset
00:00:10.437583 AC97: Mixer reset (EAID=0x809, EACS=0x9)
00:00:10.437699 AC97: Record select to left=mic, right=mic
00:00:10.439744 VUSB: Attached 'HidMouse' to port 1 on RootHub#1 (FullSpeed)
00:00:10.439797 PGM: The CPU physical address width is 39 bits
00:00:10.439810 PGM: PGMR3InitFinalize: 4 MB PSE mask 0000007fffffffff -> VINF_SUCCESS
00:00:10.439828 TM: TMR3InitFinalize: fTSCModeSwitchAllowed=false
00:00:10.440934 VMM: Thread-context hooks unavailable
00:00:10.440943 VMM: RTThreadPreemptIsPending() can be trusted
00:00:10.440946 VMM: Kernel preemption is possible
00:00:10.441188 EM: Exit history optimizations: enabled=true enabled-r0=true enabled-r0-no-preemption=false
00:00:10.441502 PcBios: SATA LUN#0 LCHS=1024/255/63
00:00:10.441553 APIC: fPostedIntrsEnabled=false fVirtApicRegsEnabled=false fSupportsTscDeadline=false
00:00:10.441565 TMR3UtcNow: nsNow=1 705 124 954 751 030 100 nsPrev=0 -> cNsDelta=1 705 124 954 751 030 100 (offLag=0 offVirtualSync=0 offVirtualSyncGivenUp=0, NowAgain=1 705 124 954 751 030 100)
00:00:10.441573 VMM: fUsePeriodicPreemptionTimers=true
00:00:10.441579 CPUM: Logical host processors: 16 present, 16 max, 16 online, online mask: 000000000000ffff
00:00:10.441580 CPUM: Physical host cores: 10
00:00:10.441580 ************************* CPUID dump ************************
00:00:10.441615          Raw Standard CPUID Leaves
00:00:10.441615      Leaf/sub-leaf  eax      ebx      ecx      edx
00:00:10.441617 Gst: 00000000/0000  00000016 756e6547 6c65746e 49656e69
00:00:10.441620 Hst:                00000020 756e6547 6c65746e 49656e69
00:00:10.441623 Gst: 00000001/0000  000906a3 00020800 c2da2203 178bfbff
00:00:10.441625 Hst:                000906a3 18800800 fffaf38b bfcbfbff
00:00:10.441627 Gst: 00000002/0000  00feff01 000000f0 00000000 00000000
00:00:10.441628 Hst:                00feff01 000000f0 00000000 00000000
00:00:10.441630 Gst: 00000003/0000  00000000 00000000 00000000 00000000
00:00:10.441632 Hst:                00000000 00000000 00000000 00000000
00:00:10.441638 Gst: 00000004/0000  04000121 02c0003f 0000003f 00000000
00:00:10.441640 Hst:                fc004121 02c0003f 0000003f 00000000
00:00:10.441643 Gst: 00000004/0001  04000122 01c0003f 0000003f 00000000
00:00:10.441644 Hst:                fc004122 01c0003f 0000003f 00000000
00:00:10.441647 Gst: 00000004/0002  04000143 0240003f 000007ff 00000000
00:00:10.441648 Hst:                fc01c143 0240003f 000007ff 00000000
00:00:10.441652 Gst: 00000004/0003  04000163 02c0003f 00007fff 00000004
00:00:10.441653 Hst:                fc1fc163 02c0003f 00007fff 00000004
00:00:10.441655 Gst: 00000004/0004  04000000 00000000 00000000 00000000
00:00:10.441657 Hst:                00000000 00000000 00000000 00000000
00:00:10.441659 Gst: 00000005/0000  00000000 00000000 00000000 00000000
00:00:10.441660 Hst:                00000040 00000040 00000003 00002020
00:00:10.441667 Gst: 00000006/0000  00000000 00000000 00000000 00000000
00:00:10.441668 Hst:                009f8ff3 00000002 00000409 00030003
00:00:10.441671 Gst: 00000007/0000  00000000 00842509 00000000 30000400
00:00:10.441672 Hst:                00000001 239c27a9 184007a4 bc18c410
00:00:10.441675 Gst: 00000007/0001  00000000 00000000 00000000 00000000
00:00:10.441677 Hst:                00400810 00000000 00000000 00000000
00:00:10.441686 Gst: 00000007/0002  00000000 00000000 00000000 00000000
00:00:10.441687 Hst:                00000000 00000000 00000000 00000000
00:00:10.441689 Gst: 00000008/0000  00000000 00000000 00000000 00000000
00:00:10.441690 Hst:                00000000 00000000 00000000 00000000
00:00:10.441692 Gst: 00000009/0000  00000000 00000000 00000000 00000000
00:00:10.441694 Hst:                00000000 00000000 00000000 00000000
00:00:10.441696 Gst: 0000000a/0000  00000000 00000000 00000000 00000000
00:00:10.441697 Hst:                07300605 00000000 00000007 00008603
00:00:10.441699 Gst: 0000000b/0000  00000000 00000001 00000100 00000000
00:00:10.441700 Hst:                00000001 00000002 00000100 00000018
00:00:10.441703 Gst: 0000000b/0001  00000001 00000002 00000201 00000000
00:00:10.441704 Hst:                00000007 00000010 00000201 00000018
00:00:10.441706 Gst: 0000000b/0002  00000000 00000000 00000002 00000000
00:00:10.441707 Hst:                00000000 00000000 00000002 00000018
00:00:10.441710 Gst: 0000000c/0000  00000000 00000000 00000000 00000000
00:00:10.441711 Hst:                00000000 00000000 00000000 00000000
00:00:10.441713 Gst: 0000000d/0000  00000000 00000000 00000000 00000000
00:00:10.441714 Hst:                00000007 00000340 00000340 00000000
00:00:10.441717 Gst: 0000000d/0001  00000000 00000000 00000000 00000000
00:00:10.441718 Hst:                0000000f 00000350 00001800 00000000
00:00:10.441721 Gst: 0000000d/0002  00000000 00000000 00000000 00000000
00:00:10.441722 Hst:                00000100 00000240 00000000 00000000
00:00:10.441724 Gst: 0000000d/0003  00000000 00000000 00000000 00000000
00:00:10.441725 Hst:                00000000 00000000 00000000 00000000
00:00:10.441727 Gst: 0000000d/0004  00000000 00000000 00000000 00000000
00:00:10.441728 Hst:                00000000 00000000 00000000 00000000
00:00:10.441730 Gst: 0000000d/0005  00000000 00000000 00000000 00000000
00:00:10.441732 Hst:                00000000 00000000 00000000 00000000
00:00:10.441734 Gst: 0000000d/0006  00000000 00000000 00000000 00000000
00:00:10.441735 Hst:                00000000 00000000 00000000 00000000
00:00:10.441737 Gst: 0000000d/0007  00000000 00000000 00000000 00000000
00:00:10.441738 Hst:                00000000 00000000 00000000 00000000
00:00:10.441740 Gst: 0000000d/0008  00000000 00000000 00000000 00000000
00:00:10.441741 Hst:                00000000 00000000 00000000 00000000
00:00:10.441744 Gst: 0000000d/0009  00000000 00000000 00000000 00000000
00:00:10.441745 Hst:                00000000 00000000 00000000 00000000
00:00:10.441747 Gst: 0000000d/000a  00000000 00000000 00000000 00000000
00:00:10.441748 Hst:                00000000 00000000 00000000 00000000
00:00:10.441750 Gst: 0000000d/000b  00000000 00000000 00000000 00000000
00:00:10.441751 Hst:                00000010 00000000 00000001 00000000
00:00:10.441753 Gst: 0000000d/000c  00000000 00000000 00000000 00000000
00:00:10.441755 Hst:                00000018 00000000 00000001 00000000
00:00:10.441757 Gst: 0000000d/000d  00000000 00000000 00000000 00000000
00:00:10.441758 Hst:                00000000 00000000 00000000 00000000
00:00:10.441815 Gst: 0000000e/0000  00000000 00000000 00000000 00000000
00:00:10.441816 Hst:                00000000 00000000 00000000 00000000
00:00:10.441817 Gst: 0000000f/0000  00000000 00000000 00000000 00000000
00:00:10.441818 Hst:                00000000 00000000 00000000 00000000
00:00:10.441819 Gst: 00000010/0000  00000000 00000000 00000000 00000000
00:00:10.441819 Hst:                00000000 00000000 00000000 00000000
00:00:10.441820 Gst: 00000011/0000  00000000 00000000 00000000 00000000
00:00:10.441820 Hst:                00000000 00000000 00000000 00000000
00:00:10.441821 Gst: 00000012/0000  00000000 00000000 00000000 00000000
00:00:10.441821 Hst:                00000000 00000000 00000000 00000000
00:00:10.441822 Gst: 00000013/0000  00000000 00000000 00000000 00000000
00:00:10.441822 Hst:                00000000 00000000 00000000 00000000
00:00:10.441824 Gst: 00000014/0000  00000000 00000000 00000000 00000000
00:00:10.441824 Hst:                00000001 0000005f 00000007 00000000
00:00:10.441825 Hst: 00000015/0000  00000002 0000008c 0249f000 00000000
00:00:10.441826 Hst: 00000016/0000  00000000 00000000 00000000 00000000
00:00:10.441827 Hst: 00000017/0000  00000000 00000000 00000000 00000000
00:00:10.441828 Hst: 00000018/0000  00000000 00000000 00000000 00000000
00:00:10.441828 Hst: 00000019/0000  00000000 00000000 00000000 00000000
00:00:10.441830 Hst: 0000001a/0000  40000001 00000000 00000000 00000000
00:00:10.441830 Hst: 0000001b/0000  00000000 00000000 00000000 00000000
00:00:10.441831 Hst: 0000001c/0000  4000000b 00000007 00000007 00000000
00:00:10.441832 Hst: 0000001d/0000  00000000 00000000 00000000 00000000
00:00:10.441833 Hst: 0000001e/0000  00000000 00000000 00000000 00000000
00:00:10.441838 Hst: 0000001f/0000  00000001 00000002 00000100 00000020
00:00:10.441838 Hst: 00000020/0000  00000000 00000001 00000000 00000000
00:00:10.441839                                Name: GenuineIntel
00:00:10.441840                            Supports: 0x00000000-0x00000016
00:00:10.441851                              Family:  6 	Extended: 0 	Effective: 6
00:00:10.441851                               Model: 10 	Extended: 9 	Effective: 154
00:00:10.441852                            Stepping: 3
00:00:10.441852                                Type: 0 (primary)
00:00:10.441853                             APIC ID: 0x00
00:00:10.441853                        Logical CPUs: 2
00:00:10.441854                        CLFLUSH Size: 8
00:00:10.441854                            Brand ID: 0x00
00:00:10.441855 Features
00:00:10.441860   Mnemonic - Description                                  = guest (host)
00:00:10.441860   FPU - x87 FPU on Chip                                   = 1 (1)
00:00:10.441861   VME - Virtual 8086 Mode Enhancements                    = 1 (1)
00:00:10.441862   DE - Debugging extensions                               = 1 (1)
00:00:10.441863   PSE - Page Size Extension                               = 1 (1)
00:00:10.441863   TSC - Time Stamp Counter                                = 1 (1)
00:00:10.441863   MSR - Model Specific Registers                          = 1 (1)
00:00:10.441864   PAE - Physical Address Extension                        = 1 (1)
00:00:10.441864   MCE - Machine Check Exception                           = 1 (1)
00:00:10.441865   CX8 - CMPXCHG8B instruction                             = 1 (1)
00:00:10.441865   APIC - APIC On-Chip                                     = 1 (1)
00:00:10.441866   SEP - SYSENTER and SYSEXIT Present                      = 1 (1)
00:00:10.441866   MTRR - Memory Type Range Registers                      = 1 (1)
00:00:10.441867   PGE - PTE Global Bit                                    = 1 (1)
00:00:10.441867   MCA - Machine Check Architecture                        = 1 (1)
00:00:10.441868   CMOV - Conditional Move instructions                    = 1 (1)
00:00:10.441868   PAT - Page Attribute Table                              = 1 (1)
00:00:10.441869   PSE-36 - 36-bit Page Size Extension                     = 1 (1)
00:00:10.441869   PSN - Processor Serial Number                           = 0 (0)
00:00:10.441870   CLFSH - CLFLUSH instruction                             = 1 (1)
00:00:10.441870   DS - Debug Store                                        = 0 (0)
00:00:10.441871   ACPI - Thermal Mon. & Soft. Clock Ctrl.                 = 0 (1)
00:00:10.441871   MMX - Intel MMX Technology                              = 1 (1)
00:00:10.441872   FXSR - FXSAVE and FXRSTOR instructions                  = 1 (1)
00:00:10.441872   SSE - SSE support                                       = 1 (1)
00:00:10.441872   SSE2 - SSE2 support                                     = 1 (1)
00:00:10.441873   SS - Self Snoop                                         = 0 (1)
00:00:10.441873   HTT - Hyper-Threading Technology                        = 1 (1)
00:00:10.441874   TM - Therm. Monitor                                     = 0 (1)
00:00:10.441874   PBE - Pending Break Enabled                             = 0 (1)
00:00:10.441875   SSE3 - SSE3 support                                     = 1 (1)
00:00:10.441876   PCLMUL - PCLMULQDQ support (for AES-GCM)                = 1 (1)
00:00:10.441876   DTES64 - DS Area 64-bit Layout                          = 0 (0)
00:00:10.441877   MONITOR - MONITOR/MWAIT instructions                    = 0 (1)
00:00:10.441877   CPL-DS - CPL Qualified Debug Store                      = 0 (0)
00:00:10.441877   VMX - Virtual Machine Extensions                        = 0 (0)
00:00:10.441878   SMX - Safer Mode Extensions                             = 0 (0)
00:00:10.441879   EST - Enhanced SpeedStep Technology                     = 0 (1)
00:00:10.441880   TM2 - Terminal Monitor 2                                = 0 (1)
00:00:10.441880   SSSE3 - Supplemental Streaming SIMD Extensions 3        = 1 (1)
00:00:10.441881   CNTX-ID - L1 Context ID                                 = 0 (0)
00:00:10.441881   SDBG - Silicon Debug interface                          = 0 (0)
00:00:10.441882   FMA - Fused Multiply Add extensions                     = 0 (1)
00:00:10.441882   CX16 - CMPXCHG16B instruction                           = 1 (1)
00:00:10.441883   TPRUPDATE - xTPR Update Control                         = 0 (1)
00:00:10.441883   PDCM - Perf/Debug Capability MSR                        = 0 (1)
00:00:10.441884   PCID - Process Context Identifiers                      = 1 (1)
00:00:10.441884   DCA - Direct Cache Access                               = 0 (0)
00:00:10.441884   SSE4_1 - SSE4_1 support                                 = 1 (1)
00:00:10.441885   SSE4_2 - SSE4_2 support                                 = 1 (1)
00:00:10.441885   X2APIC - x2APIC support                                 = 0 (1)
00:00:10.441886   MOVBE - MOVBE instruction                               = 1 (1)
00:00:10.441886   POPCNT - POPCNT instruction                             = 1 (1)
00:00:10.441887   TSCDEADL - Time Stamp Counter Deadline                  = 0 (1)
00:00:10.441887   AES - AES instructions                                  = 1 (1)
00:00:10.441888   XSAVE - XSAVE instruction                               = 0 (1)
00:00:10.441888   OSXSAVE - OSXSAVE instruction                           = 0 (1)
00:00:10.441889   AVX - AVX support                                       = 0 (1)
00:00:10.441889   F16C - 16-bit floating point conversion instructions    = 0 (1)
00:00:10.441890   RDRAND - RDRAND instruction                             = 1 (1)
00:00:10.441890   HVP - Hypervisor Present (we're a guest)                = 1 (1)
00:00:10.441891 Structured Extended Feature Flags Enumeration (leaf 7):
00:00:10.441891   Mnemonic - Description                                  = guest (host)
00:00:10.441892   FSGSBASE - RDFSBASE/RDGSBASE/WRFSBASE/WRGSBASE instr.   = 1 (1)
00:00:10.441892   TSCADJUST - Supports MSR_IA32_TSC_ADJUST                = 0 (0)
00:00:10.441893   SGX - Supports Software Guard Extensions                = 0 (0)
00:00:10.441893   BMI1 - Advanced Bit Manipulation extension 1            = 1 (1)
00:00:10.441894   HLE - Hardware Lock Elision                             = 0 (0)
00:00:10.441894   AVX2 - Advanced Vector Extensions 2                     = 0 (1)
00:00:10.441894   FDP_EXCPTN_ONLY - FPU DP only updated on exceptions     = 0 (0)
00:00:10.441895   SMEP - Supervisor Mode Execution Prevention             = 0 (1)
00:00:10.441895   BMI2 - Advanced Bit Manipulation extension 2            = 1 (1)
00:00:10.441896   ERMS - Enhanced REP MOVSB/STOSB instructions            = 0 (1)
00:00:10.441896   INVPCID - INVPCID instruction                           = 1 (1)
00:00:10.441896   RTM - Restricted Transactional Memory                   = 0 (0)
00:00:10.441897   PQM - Platform Quality of Service Monitoring            = 0 (0)
00:00:10.441897   DEPFPU_CS_DS - Deprecates FPU CS, FPU DS values if set  = 1 (1)
00:00:10.441897   MPE - Intel Memory Protection Extensions                = 0 (0)
00:00:10.441898   PQE - Platform Quality of Service Enforcement           = 0 (0)
00:00:10.441898   AVX512F - AVX512 Foundation instructions                = 0 (0)
00:00:10.441899   RDSEED - RDSEED instruction                             = 1 (1)
00:00:10.441899   ADX - ADCX/ADOX instructions                            = 0 (1)
00:00:10.441900   SMAP - Supervisor Mode Access Prevention                = 0 (1)
00:00:10.441900   CLFLUSHOPT - CLFLUSHOPT (Cache Line Flush) instruction  = 1 (1)
00:00:10.441900   CLWB - CLWB instruction                                 = 0 (1)
00:00:10.441901   INTEL_PT - Intel Processor Trace                        = 0 (1)
00:00:10.441901   AVX512PF - AVX512 Prefetch instructions                 = 0 (0)
00:00:10.441902   AVX512ER - AVX512 Exponential & Reciprocal instructions = 0 (0)
00:00:10.441902   AVX512CD - AVX512 Conflict Detection instructions       = 0 (0)
00:00:10.441902   SHA - Secure Hash Algorithm extensions                  = 0 (1)
00:00:10.441903   PREFETCHWT1 - PREFETCHWT1 instruction                   = 0 (0)
00:00:10.441903   UMIP - User mode insturction prevention                 = 0 (1)
00:00:10.441904   PKU - Protection Key for Usermode pages                 = 0 (0)
00:00:10.441904   OSPKE - CR4.PKU mirror                                  = 0 (0)
00:00:10.441905    5 - Reserved                                           = 0 (1)
00:00:10.441905    7 - Reserved                                           = 0 (1)
00:00:10.441906    8 - Reserved                                           = 0 (1)
00:00:10.441906    9 - Reserved                                           = 0 (1)
00:00:10.441907   10 - Reserved                                           = 0 (1)
00:00:10.441908   MAWAU - Value used by BNDLDX & BNDSTX                   = 0x0 (0x0)
00:00:10.441908   RDPID - Read processor ID support                       = 0 (1)
00:00:10.441909   27 - Reserved                                           = 0 (1)
00:00:10.441909   28 - Reserved                                           = 0 (1)
00:00:10.441910   SGX_LC - Supports SGX Launch Configuration              = 0 (0)
00:00:10.441910    4 - Reserved                                           = 0 (1)
00:00:10.441911   MD_CLEAR - Supports MDS related buffer clearing         = 1 (1)
00:00:10.441911   14 - Reserved                                           = 0 (1)
00:00:10.441912   15 - Reserved                                           = 0 (1)
00:00:10.441912   19 - Reserved                                           = 0 (1)
00:00:10.441913   20 - Reserved                                           = 0 (1)
00:00:10.441913   IBRS_IBPB - IA32_SPEC_CTRL.IBRS and IA32_PRED_CMD.IBPB  = 0 (1)
00:00:10.441914   STIBP - Supports IA32_SPEC_CTRL.STIBP                   = 0 (1)
00:00:10.441914   FLUSH_CMD - Supports IA32_FLUSH_CMD                     = 1 (1)
00:00:10.441914   ARCHCAP - Supports IA32_ARCH_CAP                        = 1 (1)
00:00:10.441915   CORECAP - Supports IA32_CORE_CAP                        = 0 (0)
00:00:10.441915   SSBD - Supports IA32_SPEC_CTRL.SSBD                     = 0 (1)
00:00:10.441917 Processor Extended State Enumeration (leaf 0xd):
00:00:10.441918    XSAVE area cur/max size by XCR0, guest: 0x0/0x0
00:00:10.441918     XSAVE area cur/max size by XCR0, host: 0x340/0x340
00:00:10.441919                    Valid XCR0 bits, guest: 0x00000000`00000000
00:00:10.441919                     Valid XCR0 bits, host: 0x00000000`00000007 ( x87 SSE YMM_Hi128 )
00:00:10.441922                     XSAVE features, guest:
00:00:10.441923                      XSAVE features, host: XSAVEOPT XSAVEC XGETBC1 XSAVES
00:00:10.441924       XSAVE area cur size XCR0|XSS, guest: 0x0
00:00:10.441924        XSAVE area cur size XCR0|XSS, host: 0x350
00:00:10.441925                Valid IA32_XSS bits, guest: 0x00000000`00000000
00:00:10.441925                 Valid IA32_XSS bits, host: 0x00001800`00000000 ( 43 44 )
00:00:10.441926   State #2, host:  off=0x0240, cb=0x0100 IA32_XSS-bit -- YMM_Hi128
00:00:10.441931   State #11, host:  off=0x0000, cb=0x0010 XCR0-bit -- 11
00:00:10.441932   State #12, host:  off=0x0000, cb=0x0018 XCR0-bit -- 12
00:00:10.441950          Unknown CPUID Leaves
00:00:10.441951      Leaf/sub-leaf  eax      ebx      ecx      edx
00:00:10.441951 Gst: 00000014/0001  00000000 00000000 00000000 00000000
00:00:10.441952 Hst:                02490002 003f003f 00000000 00000000
00:00:10.441953 Gst: 00000014/0002  00000000 00000000 00000000 00000000
00:00:10.441953 Hst:                00000000 00000000 00000000 00000000
00:00:10.441954 Gst: 00000015/0000  00000000 00000000 00000000 00000000
00:00:10.441954 Hst:                00000002 0000008c 0249f000 00000000
00:00:10.441955 Gst: 00000016/0000  00000000 00000000 00000000 00000000
00:00:10.441955 Hst:                00000000 00000000 00000000 00000000
00:00:10.441956          Raw Hypervisor CPUID Leaves
00:00:10.441956      Leaf/sub-leaf  eax      ebx      ecx      edx
00:00:10.441957 Gst: 40000000/0000  40000001 4b4d564b 564b4d56 0000004d
00:00:10.441957 Hst:                4000000c 7263694d 666f736f 76482074
00:00:10.441958 Gst: 40000001/0000  01000089 00000000 00000000 00000000
00:00:10.441958 Hst:                31237648 00000000 00000000 00000000
00:00:10.441959          Raw Extended CPUID Leaves
00:00:10.441959      Leaf/sub-leaf  eax      ebx      ecx      edx
00:00:10.441960 Gst: 80000000/0000  80000008 00000000 00000000 00000000
00:00:10.441960 Hst:                80000008 00000000 00000000 00000000
00:00:10.441961 Gst: 80000001/0000  00000000 00000000 00000121 28100800
00:00:10.441961 Hst:                00000000 00000000 00000121 2c100800
00:00:10.441962 Gst: 80000002/0000  68743231 6e654720 746e4920 52286c65
00:00:10.441963 Hst:                68743231 6e654720 746e4920 52286c65
00:00:10.441963 Gst: 80000003/0000  6f432029 54286572 6920294d 32312d37
00:00:10.441964 Hst:                6f432029 54286572 6920294d 32312d37
00:00:10.441964 Gst: 80000004/0000  48303536 00000000 00000000 00000000
00:00:10.441965 Hst:                48303536 00000000 00000000 00000000
00:00:10.441965 Gst: 80000005/0000  00000000 00000000 00000000 00000000
00:00:10.441966 Hst:                00000000 00000000 00000000 00000000
00:00:10.441966 Gst: 80000006/0000  00000000 00000000 05007040 00000000
00:00:10.441967 Hst:                00000000 00000000 05007040 00000000
00:00:10.441968 Gst: 80000007/0000  00000000 00000000 00000000 00000100
00:00:10.441968 Hst:                00000000 00000000 00000000 00000100
00:00:10.441969 Gst: 80000008/0000  00003027 00000000 00000000 00000000
00:00:10.441969 Hst:                00003027 00000000 00000000 00000000
00:00:10.441969 Ext Name:                        
00:00:10.441970 Ext Supports:                    0x80000000-0x80000008
00:00:10.441970 Family:                          0  	Extended: 0 	Effective: 0
00:00:10.441970 Model:                           0  	Extended: 0 	Effective: 0
00:00:10.441971 Stepping:                        0
00:00:10.441971 Brand ID:                        0x000
00:00:10.441971 Ext Features
00:00:10.441972   Mnemonic - Description                                  = guest (host)
00:00:10.441972   FPU - x87 FPU on Chip                                   = 0 (0)
00:00:10.441973   VME - Virtual 8086 Mode Enhancements                    = 0 (0)
00:00:10.441973   DE - Debugging extensions                               = 0 (0)
00:00:10.441974   PSE - Page Size Extension                               = 0 (0)
00:00:10.441974   TSC - Time Stamp Counter                                = 0 (0)
00:00:10.441975   MSR - K86 Model Specific Registers                      = 0 (0)
00:00:10.441975   PAE - Physical Address Extension                        = 0 (0)
00:00:10.441975   MCE - Machine Check Exception                           = 0 (0)
00:00:10.441976   CX8 - CMPXCHG8B instruction                             = 0 (0)
00:00:10.441976   APIC - APIC On-Chip                                     = 0 (0)
00:00:10.441977   SEP - SYSCALL/SYSRET                                    = 1 (1)
00:00:10.441977   MTRR - Memory Type Range Registers                      = 0 (0)
00:00:10.441978   PGE - PTE Global Bit                                    = 0 (0)
00:00:10.441978   MCA - Machine Check Architecture                        = 0 (0)
00:00:10.441979   CMOV - Conditional Move instructions                    = 0 (0)
00:00:10.441979   PAT - Page Attribute Table                              = 0 (0)
00:00:10.441979   PSE-36 - 36-bit Page Size Extension                     = 0 (0)
00:00:10.441980   NX - No-Execute/Execute-Disable                         = 1 (1)
00:00:10.441980   AXMMX - AMD Extensions to MMX instructions              = 0 (0)
00:00:10.441981   MMX - Intel MMX Technology                              = 0 (0)
00:00:10.441981   FXSR - FXSAVE and FXRSTOR Instructions                  = 0 (0)
00:00:10.441982   FFXSR - AMD fast FXSAVE and FXRSTOR instructions        = 0 (0)
00:00:10.441982   Page1GB - 1 GB large page                               = 0 (1)
00:00:10.441983   RDTSCP - RDTSCP instruction                             = 1 (1)
00:00:10.441983   LM - AMD64 Long Mode                                    = 1 (1)
00:00:10.441983   3DNOWEXT - AMD Extensions to 3DNow                      = 0 (0)
00:00:10.441984   3DNOW - AMD 3DNow                                       = 0 (0)
00:00:10.441984   LahfSahf - LAHF/SAHF support in 64-bit mode             = 1 (1)
00:00:10.441985   CmpLegacy - Core multi-processing legacy mode           = 0 (0)
00:00:10.441985   SVM - AMD Secure Virtual Machine extensions             = 0 (0)
00:00:10.441986   EXTAPIC - AMD Extended APIC registers                   = 0 (0)
00:00:10.441986   CR8L - AMD LOCK MOV CR0 means MOV CR8                   = 0 (0)
00:00:10.441987   ABM - AMD Advanced Bit Manipulation                     = 1 (1)
00:00:10.441987   SSE4A - SSE4A instructions                              = 0 (0)
00:00:10.441987   MISALIGNSSE - AMD Misaligned SSE mode                   = 0 (0)
00:00:10.441988   3DNOWPRF - AMD PREFETCH and PREFETCHW instructions      = 1 (1)
00:00:10.441988   OSVW - AMD OS Visible Workaround                        = 0 (0)
00:00:10.441989   IBS - Instruct Based Sampling                           = 0 (0)
00:00:10.441989   XOP - Extended Operation support                        = 0 (0)
00:00:10.441989   SKINIT - SKINIT, STGI, and DEV support                  = 0 (0)
00:00:10.441990   WDT - AMD Watchdog Timer support                        = 0 (0)
00:00:10.441990   LWP - Lightweight Profiling support                     = 0 (0)
00:00:10.441991   FMA4 - Four operand FMA instruction support             = 0 (0)
00:00:10.441991   TCE - Translation Cache Extension support               = 0 (0)
00:00:10.441991   NodeId - NodeId in MSR C001_100C                        = 0 (0)
00:00:10.441998   TBM - Trailing Bit Manipulation instructions            = 0 (0)
00:00:10.441998   TOPOEXT - Topology Extensions                           = 0 (0)
00:00:10.441999   PRFEXTCORE - Performance Counter Extensions support     = 0 (0)
00:00:10.441999   PRFEXTNB - NB Performance Counter Extensions support    = 0 (0)
00:00:10.441999   DATABPEXT - Data-access Breakpoint Extension            = 0 (0)
00:00:10.442000   PERFTSC - Performance Time Stamp Counter                = 0 (0)
00:00:10.442000   PCX_L2I - L2I/L3 Performance Counter Extensions         = 0 (0)
00:00:10.442001   MONITORX - MWAITX and MONITORX instructions             = 0 (0)
00:00:10.442006   AddrMaskExt - BP Addressing masking extended to bit 31  = 0 (0)
00:00:10.442006 Full Name:                       "12th Gen Intel(R) Core(TM) i7-12650H"
00:00:10.442011 TLB 2/4M Instr/Uni:              res0     0 entries
00:00:10.442012 TLB 2/4M Data:                   res0     0 entries
00:00:10.442012 TLB 4K Instr/Uni:                res0     0 entries
00:00:10.442012 TLB 4K Data:                     res0     0 entries
00:00:10.442012 L1 Instr Cache Line Size:        0 bytes
00:00:10.442012 L1 Instr Cache Lines Per Tag:    0
00:00:10.442013 L1 Instr Cache Associativity:    res0  
00:00:10.442013 L1 Instr Cache Size:             0 KB
00:00:10.442013 L1 Data Cache Line Size:         0 bytes
00:00:10.442013 L1 Data Cache Lines Per Tag:     0
00:00:10.442013 L1 Data Cache Associativity:     res0  
00:00:10.442013 L1 Data Cache Size:              0 KB
00:00:10.442014 L2 TLB 2/4M Instr/Uni:           off       0 entries
00:00:10.442014 L2 TLB 2/4M Data:                off       0 entries
00:00:10.442014 L2 TLB 4K Instr/Uni:             off       0 entries
00:00:10.442014 L2 TLB 4K Data:                  off       0 entries
00:00:10.442015 L2 Cache Line Size:              0 bytes
00:00:10.442015 L2 Cache Lines Per Tag:          0
00:00:10.442015 L2 Cache Associativity:          off   
00:00:10.442015 L2 Cache Size:                   0 KB
00:00:10.442016   TS - Temperature Sensor                                 = 0 (0)
00:00:10.442016   FID - Frequency ID control                              = 0 (0)
00:00:10.442017   VID - Voltage ID control                                = 0 (0)
00:00:10.442017   TTP - Thermal Trip                                      = 0 (0)
00:00:10.442018   TM - Hardware Thermal Control (HTC)                     = 0 (0)
00:00:10.442018   100MHzSteps - 100 MHz Multiplier control                = 0 (0)
00:00:10.442019   HwPstate - Hardware P-state control                     = 0 (0)
00:00:10.442019   TscInvariant - Invariant Time Stamp Counter             = 1 (1)
00:00:10.442020   CPB - Core Performance Boost                            = 0 (0)
00:00:10.442020   EffFreqRO - Read-only Effective Frequency Interface     = 0 (0)
00:00:10.442020   ProcFdbkIf - Processor Feedback Interface               = 0 (0)
00:00:10.442021   ProcPwrRep - Core power reporting interface support     = 0 (0)
00:00:10.442021   ConnectedStandby - Connected Standby                    = 0 (0)
00:00:10.442022   RAPL - Running average power limit                      = 0 (0)
00:00:10.442022 Physical Address Width:          39 bits
00:00:10.442023 Virtual Address Width:           48 bits
00:00:10.442023 Guest Physical Address Width:    0 bits
00:00:10.442023 Physical Core Count:             1
00:00:10.442024 
00:00:10.442025 ******************** End of CPUID dump **********************
00:00:10.442084 VMEmt: Halt method global1 (5)
00:00:10.442178 VMEmt: HaltedGlobal1 config: cNsSpinBlockThresholdCfg=50000
00:00:10.442197 Changing the VM state from 'CREATING' to 'CREATED'
00:00:10.443741 Changing the VM state from 'CREATED' to 'POWERING_ON'
00:00:10.444296 AIOMgr: Endpoints without assigned bandwidth groups:
00:00:10.444314 AIOMgr:     C:\Users\Tom\Documents\GitHub\TCM-Security---Detection-Engineering-for-Beginners\virtual-machines\Zeek\Snapshots\{7a5f04e5-b2f4-40bf-863f-a1b3019cb6c2}.vdi
00:00:10.444322 AIOMgr:     C:\Users\Tom\Documents\GitHub\TCM-Security---Detection-Engineering-for-Beginners\virtual-machines\Zeek\Zeek.vdi
00:00:10.444737 Changing the VM state from 'POWERING_ON' to 'RUNNING'
00:00:10.444768 Console: Machine state changed to 'Running'
00:00:10.447929 VMMDev: Guest Log: BIOS: VirtualBox 7.0.12
00:00:10.448291 GUI: UIMachineViewNormal::resendSizeHint: Restoring guest size-hint for screen 0 to 1920x945
00:00:10.448439 GUI: HID LEDs sync is enabled
00:00:10.448439 PCI: Setting up resources and interrupts
00:00:10.449300 PIT: mode=2 count=0x10000 (65536) - 18.20 Hz (ch=0)
00:00:10.456817 GUI: UIMachineLogicNormal::sltCheckForRequestedVisualStateType: Requested-state=1, Machine-state=6
00:00:10.468207 Display::i_handleDisplayResize: uScreenId=0 pvVRAM=0000000000000000 w=720 h=400 bpp=0 cbLine=0x0 flags=0x0 origin=0,0
00:00:10.506145 VMMDev: Guest Log: CPUID EDX: 0x178bfbff
00:00:10.506598 PIIX3 ATA: Ctl#1: RESET, DevSel=0 AIOIf=0 CmdIf0=0x00 (-1 usec ago) CmdIf1=0x00 (-1 usec ago)
00:00:10.506750 PIIX3 ATA: Ctl#1: finished processing RESET
00:00:10.513736 AHCI#0: Reset the HBA
00:00:10.513766 VD#0: Cancelling all active requests
00:00:10.513909 AHCI#0: Port 0 reset
00:00:10.513948 VD#0: Cancelling all active requests
00:00:10.516639 VMMDev: Guest Log: BIOS: AHCI 0-P#0: PCHS=16383/16/63 LCHS=1024/255/63 0x0000000003200000 sectors
00:00:10.523670 PIT: mode=2 count=0x48d3 (18643) - 64.00 Hz (ch=0)
00:00:10.533393 Display::i_handleDisplayResize: uScreenId=0 pvVRAM=0000024ca09a0000 w=640 h=480 bpp=32 cbLine=0xA00 flags=0x0 origin=0,0
00:00:12.997287 Display::i_handleDisplayResize: uScreenId=0 pvVRAM=0000000000000000 w=720 h=400 bpp=0 cbLine=0x0 flags=0x0 origin=0,0
00:00:13.008691 PIT: mode=2 count=0x10000 (65536) - 18.20 Hz (ch=0)
00:00:13.009206 VMMDev: Guest Log: BIOS: Boot : bseqnr=1, bootseq=0132
00:00:13.018020 VMMDev: Guest Log: BIOS: Booting from Hard Disk...
00:00:14.016502 Display::i_handleDisplayResize: uScreenId=0 pvVRAM=0000024ca09a0000 w=640 h=480 bpp=32 cbLine=0xA00 flags=0x0 origin=0,0
00:00:18.855861 Display::i_handleDisplayResize: uScreenId=0 pvVRAM=0000000000000000 w=720 h=400 bpp=0 cbLine=0x0 flags=0x0 origin=0,0
00:00:20.174449 GIM: KVM: VCPU  0: Enabled system-time struct. at 0x000000003a801000 - u32TscScale=0xbe79ecfc i8TscShift=-1 uVersion=2 fFlags=0x1 uTsc=0x616d2905d uVirtNanoTS=0x243eb59dc TscKHz=2687998
00:00:20.174485 TM: Host/VM is not suitable for using TSC mode 'RealTSCOffset', request to change TSC mode ignored
00:00:20.666445 GIM: KVM: Enabled wall-clock struct. at 0x000000003a800000 - u32Sec=1705124964 u32Nano=975147065 uVersion=2
00:00:20.748236 PIT: mode=2 count=0x12a5 (4773) - 249.98 Hz (ch=0)
00:00:20.938773 PIT: mode=0 count=0x10000 (65536) - 18.20 Hz (ch=0)
00:00:20.946934 GIM: KVM: VCPU  1: Enabled system-time struct. at 0x000000003a801040 - u32TscScale=0xbe79ecfc i8TscShift=-1 uVersion=2 fFlags=0x1 uTsc=0x692978ac7 uVirtNanoTS=0x271f6ec20 TscKHz=2687998
00:00:20.946969 TM: Host/VM is not suitable for using TSC mode 'RealTSCOffset', request to change TSC mode ignored
00:00:21.473671 OHCI: Software reset
00:00:21.569508 PIIX3 ATA: Ctl#1: RESET, DevSel=0 AIOIf=0 CmdIf0=0xa1 (-1 usec ago) CmdIf1=0x00 (-1 usec ago)
00:00:21.569574 PIIX3 ATA: Ctl#1: finished processing RESET
00:00:21.570861 OHCI: USB Reset
00:00:21.628679 OHCI: Software reset
00:00:21.629416 OHCI: USB Operational
00:00:21.635404 EHCI: Hardware reset
00:00:21.636982 EHCI: USB Operational
00:00:21.701768 EHCI: USB Suspended
00:00:23.160731 MsrExit/1: 0010:ffffffff91abb347/LM: RDMSR c0011029 -> 00000000 / VERR_CPUM_RAISE_GP_0
00:00:23.482092 AHCI#0: Reset the HBA
00:00:23.482103 VD#0: Cancelling all active requests
00:00:23.486142 AHCI#0: Port 0 reset
00:00:23.488819 VD#0: Cancelling all active requests
00:00:25.538787 AIOMgr: Async flushes not supported
00:00:26.514290 NAT: Link up
00:00:27.205191 Enabling different vbva mode
00:00:27.206366 Display::i_handleDisplayResize: uScreenId=0 pvVRAM=0000024ca0d88000 w=1280 h=800 bpp=32 cbLine=0x1400 flags=0x1 origin=0,0
00:00:27.674946 VMMDev: Guest Log: vboxguest: host-version: 7.0.12r159484 0x8000000f
00:00:27.696716 VMMDev: Guest Additions information report: Version 6.0.0 r127566 '6.0.0'
00:00:27.696776 VMMDev: Guest Additions information report: Interface = 0x00010004 osType = 0x00053100 (Linux >= 2.6, 64-bit)
00:00:27.696918 VMMDev: Guest Additions capability report: (0x0 -> 0x0) seamless: no, hostWindowMapping: no, graphics: no
00:00:27.696998 GUI: UISession::sltAdditionsChange: GA state change event came, notifying listeners
00:00:27.697005 GUI: UIMachineLogicNormal::sltCheckForRequestedVisualStateType: Requested-state=1, Machine-state=6
00:00:27.697059 VMMDev: vmmDevReqHandler_HeartbeatConfigure: No change (fHeartbeatActive=false)
00:00:27.697075 GUI: UISession::sltAdditionsChange: GA state change event came, notifying listeners
00:00:27.697083 GUI: UIMachineLogicNormal::sltCheckForRequestedVisualStateType: Requested-state=1, Machine-state=6
00:00:27.697105 VMMDev: Heartbeat flatline timer set to trigger after 4 000 000 000 ns
00:00:27.698815 VMMDev: Guest Log: vbg_heartbeat_init: Setting up heartbeat to trigger every 2000 milliseconds
00:00:27.704204 GUI: UISession::sltAdditionsChange: GA state really changed, notifying listeners
00:00:27.704216 GUI: UIMachineViewNormal::adjustGuestScreenSize: Adjust guest-screen size if necessary
00:00:27.704230 GUI: UISession::sltAdditionsChange: GA state change event came, notifying listeners
00:00:27.704233 GUI: UIMachineLogicNormal::sltCheckForRequestedVisualStateType: Requested-state=1, Machine-state=6
00:00:29.295434 AC97: Reset
00:00:29.295454 AC97: Mixer reset (EAID=0x809, EACS=0x9)
00:00:29.295460 AC97: Record select to left=mic, right=mic
00:00:29.296670 AC97: Reset
00:00:29.296681 AC97: Mixer reset (EAID=0x809, EACS=0x9)
00:00:29.296686 AC97: Record select to left=mic, right=mic
00:00:29.308210 AC97: Record select to left=mic, right=mic
00:00:31.767222 NAT: DHCP offered IP address 10.0.2.15
00:00:31.813392 NAT: IPv6 not supported
00:00:55.299768 VMMDev: Heartbeat checking timer has been stopped (rc=VINF_SUCCESS)
00:00:55.300414 VMMDev: Guest Additions capability report: (0x0 -> 0x0) seamless: no, hostWindowMapping: no, graphics: no
00:00:55.300677 GUI: UISession::sltAdditionsChange: GA state change event came, notifying listeners
00:00:55.300682 GUI: UIMachineLogicNormal::sltCheckForRequestedVisualStateType: Requested-state=1, Machine-state=6
00:00:55.386296 VMMDev: Guest Log: vboxguest: host-version: 7.0.12r159484 0x8000000f
00:00:55.387033 VMMDev: Guest Additions information report: Version 6.0.0 r127566 '6.0.0'
00:00:55.387161 VMMDev: Guest Additions capability report: (0x0 -> 0x0) seamless: no, hostWindowMapping: no, graphics: no
00:00:55.387398 VMMDev: vmmDevReqHandler_HeartbeatConfigure: No change (fHeartbeatActive=false)
00:00:55.387448 VMMDev: Heartbeat flatline timer set to trigger after 4 000 000 000 ns
00:00:55.388160 GUI: UISession::sltAdditionsChange: GA state change event came, notifying listeners
00:00:55.388168 GUI: UIMachineLogicNormal::sltCheckForRequestedVisualStateType: Requested-state=1, Machine-state=6
00:00:55.389339 VMMDev: Guest Log: vbg_heartbeat_init: Setting up heartbeat to trigger every 2000 milliseconds
00:00:55.390091 GUI: UISession::sltAdditionsChange: GA state change event came, notifying listeners
00:00:55.390101 GUI: UIMachineLogicNormal::sltCheckForRequestedVisualStateType: Requested-state=1, Machine-state=6
00:00:55.466809 VMMDev: Guest Log: 05:49:58.318356 main     VBoxService 7.0.12 r159484 (verbosity: 0) linux.amd64 (Oct 12 2023 18:54:58) release log
00:00:55.467602 VMMDev: Guest Log: 05:49:58.318305:49:58.319449 main     OS Product: Linux
00:00:55.468927 VMMDev: Guest Log: 05:49:58.320134 main     OS Release: 6.5.0-14-generic
00:00:55.470836 VMMDev: Guest Log: 05:49:58.322165 main     OS Version: #14~22.04.1-Ubuntu SMP PREEMPT_DYNAMIC Mon Nov 20 18:15:30 UTC 2
00:00:55.471372 VMMDev: Guest Log: 05:49:58.323413 main     Executable: /opt/VBoxGuestAdditions-7.0.12/sbin/VBoxService
00:00:55.471570 VMMDev: Guest Log: 05:49:58.323416 main     Process ID: 1657
00:00:55.476667 VMMDev: Guest Log: 05:49:58.328582 main     7.0.12 r159484 started. Verbose level = 0
00:00:55.480891 GUI: UISession::sltAdditionsChange: GA state change event came, notifying listeners
00:00:55.480903 GUI: UIMachineLogicNormal::sltCheckForRequestedVisualStateType: Requested-state=1, Machine-state=6
00:00:55.482875 VMMDev: Guest Log: 05:49:58.334793 main     vbglR3GuestCtrlDetectPeekGetCancelSupport: Supported (#1)
00:00:55.483139 Guest Control: GUEST_MSG_REPORT_FEATURES: 0xf, 0x8000000000000000
00:00:55.483519 VMMDev: Guest Log: 05:49:58.335767 main     VBoxClient 7.0.12 r159484 (verbosity: 0) linux.amd64 (Oct 12 2023 18:55:01) release log
00:00:55.484984 VMMDev: Guest Log: 05:49:58.3357605:49:58.336967 main     OS Product: Linux
00:00:55.486720 VMMDev: Guest Log: 05:49:58.339028 main     OS Release: 6.5.0-14-generic
00:00:55.487313 VMMDev: Guest Log: 05:49:58.339335 main     OS Version: #14~22.04.1-Ubuntu SMP PREEMPT_DYNAMIC Mon Nov 20 18:15:30 UTC 2
00:00:55.489640 VMMDev: Guest Log: 05:49:58.341943 main     Executable: /opt/VBoxGuestAdditions-7.0.12/bin/VBoxDRMClient
00:00:55.490386 VMMDev: Guest Log: 05:49:58.341945 main     Process ID: 166105:49:58.342661 main     VBoxDRMClient: found compatible device: /dev/dri/renderD128
00:00:55.490556 VMMDev: Guest Additions capability report: (0x0 -> 0x4) seamless: no, hostWindowMapping: no, graphics: yes
00:00:55.491435 VMMDev: Guest Log: 05:49:58.343773 main     VBoxDRMClient: IPC server socket access granted to all users
00:00:55.496999 GUI: UISession::sltAdditionsChange: GA state really changed, notifying listeners
00:00:55.497022 GUI: UIMachineViewNormal::adjustGuestScreenSize: Adjust guest-screen size if necessary
00:00:55.497031 GUI: UISession::sltAdditionsChange: GA state change event came, notifying listeners
00:00:55.497034 GUI: UIMachineLogicNormal::sltCheckForRequestedVisualStateType: Requested-state=1, Machine-state=6
00:00:55.517539 GUI: UISession::sltAdditionsChange: GA state really changed, notifying listeners
00:00:55.517554 GUI: UIMachineViewNormal::adjustGuestScreenSize: Adjust guest-screen size if necessary
00:00:55.517563 GUI: UISession::sltAdditionsChange: GA state change event came, notifying listeners
00:00:55.517565 GUI: UIMachineLogicNormal::sltCheckForRequestedVisualStateType: Requested-state=1, Machine-state=6
00:00:55.555566 Display::i_handleDisplayResize: uScreenId=0 pvVRAM=0000000000000000 w=1280 h=800 bpp=0 cbLine=0x0 flags=0x2 origin=0,0
00:00:55.842971 Display::i_handleDisplayResize: uScreenId=0 pvVRAM=0000024ca09a0000 w=1920 h=945 bpp=32 cbLine=0x1E00 flags=0x1 origin=0,0
00:00:55.845153 GUI: UIMachineLogic: Guest-screen count changed
00:01:07.026818 Audio: Warning: Scheduling hint of stream '[WasAPI] Output:0' is bigger (5ms) than used period size (0ms)
00:01:07.053580 Audio: Warning: Scheduling hint of stream '[WasAPI] Line-In:0' is bigger (10ms) than used period size (0ms)
